Using pre-set license
Built from '2021.3/staging' branch; Version is '2021.3.6f1 (7da38d85baf6) revision 8233869'; Using compiler version '192829333'; Build Type 'Release'
OS: 'Windows 10  (10.0.19044) 64bit Enterprise' Language: 'es' Physical Memory: 8134 MB
BatchMode: 1, IsHumanControllingUs: 0, StartBugReporterOnCrash: 0, Is64bit: 1, IsPro: 1

COMMAND LINE ARGUMENTS:
C:\Program Files\Unity 2021.3.6f1\Editor\Unity.exe
-adb2
-batchMode
-noUpm
-name
AssetImportWorker3
-projectPath
C:/Users/r.diazb.2019/Project-Alpha-Art/MapaMedievo
-logFile
Logs/AssetImportWorker3.log
-srvPort
53751
Successfully changed project path to: C:/Users/r.diazb.2019/Project-Alpha-Art/MapaMedievo
C:/Users/r.diazb.2019/Project-Alpha-Art/MapaMedievo
[UnityMemory] Configuration Parameters - Can be set up in boot.config
    "memorysetup-bucket-allocator-granularity=16"
    "memorysetup-bucket-allocator-bucket-count=8"
    "memorysetup-bucket-allocator-block-size=33554432"
    "memorysetup-bucket-allocator-block-count=8"
    "memorysetup-main-allocator-block-size=16777216"
    "memorysetup-thread-allocator-block-size=16777216"
    "memorysetup-gfx-main-allocator-block-size=16777216"
    "memorysetup-gfx-thread-allocator-block-size=16777216"
    "memorysetup-cache-allocator-block-size=4194304"
    "memorysetup-typetree-allocator-block-size=2097152"
    "memorysetup-profiler-bucket-allocator-granularity=16"
    "memorysetup-profiler-bucket-allocator-bucket-count=8"
    "memorysetup-profiler-bucket-allocator-block-size=33554432"
    "memorysetup-profiler-bucket-allocator-block-count=8"
    "memorysetup-profiler-allocator-block-size=16777216"
    "memorysetup-profiler-editor-allocator-block-size=1048576"
    "memorysetup-temp-allocator-size-main=16777216"
    "memorysetup-job-temp-allocator-block-size=2097152"
    "memorysetup-job-temp-allocator-block-size-background=1048576"
    "memorysetup-job-temp-allocator-reduction-small-platforms=262144"
    "memorysetup-temp-allocator-size-background-worker=32768"
    "memorysetup-temp-allocator-size-job-worker=262144"
    "memorysetup-temp-allocator-size-preload-manager=33554432"
    "memorysetup-temp-allocator-size-nav-mesh-worker=65536"
    "memorysetup-temp-allocator-size-audio-worker=65536"
    "memorysetup-temp-allocator-size-cloud-worker=32768"
    "memorysetup-temp-allocator-size-gi-baking-worker=262144"
    "memorysetup-temp-allocator-size-gfx=262144"
Refreshing native plugins compatible for Editor in 109.03 ms, found 3 plugins.
Preloading 0 native plugins for Editor in 0.00 ms.
Initialize engine version: 2021.3.6f1 (7da38d85baf6)
[Subsystems] Discovering subsystems at path C:/Program Files/Unity 2021.3.6f1/Editor/Data/Resources/UnitySubsystems
[Subsystems] Discovering subsystems at path C:/Users/r.diazb.2019/Project-Alpha-Art/MapaMedievo/Assets
GfxDevice: creating device client; threaded=0; jobified=0
Direct3D:
    Version:  Direct3D 11.0 [level 11.0]
    Renderer: NVIDIA GeForce GTX 760 (ID=0x1187)
    Vendor:   NVIDIA
    VRAM:     2007 MB
    Driver:   27.21.14.5148
Initialize mono
Mono path[0] = 'C:/Program Files/Unity 2021.3.6f1/Editor/Data/Managed'
Mono path[1] = 'C:/Program Files/Unity 2021.3.6f1/Editor/Data/MonoBleedingEdge/lib/mono/unityjit-win32'
Mono config path = 'C:/Program Files/Unity 2021.3.6f1/Editor/Data/MonoBleedingEdge/etc'
Using monoOptions --debugger-agent=transport=dt_socket,embedding=1,server=y,suspend=n,address=127.0.0.1:56220
Begin MonoManager ReloadAssembly
Registering precompiled unity dll's ...
Register platform support module: C:/Program Files/Unity 2021.3.6f1/Editor/Data/PlaybackEngines/WebGLSupport/UnityEditor.WebGL.Extensions.dll
Register platform support module: C:/Program Files/Unity 2021.3.6f1/Editor/Data/PlaybackEngines/AndroidPlayer/UnityEditor.Android.Extensions.dll
Register platform support module: C:/Program Files/Unity 2021.3.6f1/Editor/Data/PlaybackEngines/iOSSupport/UnityEditor.iOS.Extensions.dll
Register platform support module: C:/Program Files/Unity 2021.3.6f1/Editor/Data/PlaybackEngines/WindowsStandaloneSupport/UnityEditor.WindowsStandalone.Extensions.dll
Registered in 0.017875 seconds.
Native extension for WindowsStandalone target not found
Native extension for iOS target not found
Native extension for Android target not found
Native extension for WebGL target not found
Refreshing native plugins compatible for Editor in 101.85 ms, found 3 plugins.
Preloading 0 native plugins for Editor in 0.00 ms.
Mono: successfully reloaded assembly
- Completed reload, in  0.961 seconds
Domain Reload Profiling:
	ReloadAssembly (962ms)
		BeginReloadAssembly (171ms)
			ExecutionOrderSort (0ms)
			DisableScriptedObjects (0ms)
			BackupInstance (0ms)
			ReleaseScriptingObjects (0ms)
			CreateAndSetChildDomain (1ms)
		EndReloadAssembly (626ms)
			LoadAssemblies (171ms)
			RebuildTransferFunctionScriptingTraits (0ms)
			SetupTypeCache (154ms)
			ReleaseScriptCaches (0ms)
			RebuildScriptCaches (33ms)
			SetupLoadedEditorAssemblies (366ms)
				LogAssemblyErrors (0ms)
				InitializePlatformSupportModulesInManaged (74ms)
				SetLoadedEditorAssemblies (0ms)
				RefreshPlugins (102ms)
				BeforeProcessingInitializeOnLoad (2ms)
				ProcessInitializeOnLoadAttributes (132ms)
				ProcessInitializeOnLoadMethodAttributes (56ms)
				AfterProcessingInitializeOnLoad (0ms)
				EditorAssembliesLoaded (0ms)
			ExecutionOrderSort2 (0ms)
			AwakeInstancesAfterBackupRestoration (0ms)
Platform modules already initialized, skipping
Registering precompiled user dll's ...
Registered in 0.020742 seconds.
Begin MonoManager ReloadAssembly
Native extension for WindowsStandalone target not found
Native extension for iOS target not found
Native extension for Android target not found
Native extension for WebGL target not found
Refreshing native plugins compatible for Editor in 0.76 ms, found 3 plugins.
Preloading 0 native plugins for Editor in 0.00 ms.
Mono: successfully reloaded assembly
- Completed reload, in  1.536 seconds
Domain Reload Profiling:
	ReloadAssembly (1537ms)
		BeginReloadAssembly (219ms)
			ExecutionOrderSort (0ms)
			DisableScriptedObjects (7ms)
			BackupInstance (0ms)
			ReleaseScriptingObjects (0ms)
			CreateAndSetChildDomain (25ms)
		EndReloadAssembly (1144ms)
			LoadAssemblies (225ms)
			RebuildTransferFunctionScriptingTraits (0ms)
			SetupTypeCache (352ms)
			ReleaseScriptCaches (1ms)
			RebuildScriptCaches (63ms)
			SetupLoadedEditorAssemblies (528ms)
				LogAssemblyErrors (0ms)
				InitializePlatformSupportModulesInManaged (36ms)
				SetLoadedEditorAssemblies (1ms)
				RefreshPlugins (1ms)
				BeforeProcessingInitializeOnLoad (127ms)
				ProcessInitializeOnLoadAttributes (310ms)
				ProcessInitializeOnLoadMethodAttributes (34ms)
				AfterProcessingInitializeOnLoad (18ms)
				EditorAssembliesLoaded (0ms)
			ExecutionOrderSort2 (0ms)
			AwakeInstancesAfterBackupRestoration (9ms)
Platform modules already initialized, skipping
========================================================================
Worker process is ready to serve import requests
Launched and connected shader compiler UnityShaderCompiler.exe after 0.07 seconds
Refreshing native plugins compatible for Editor in 0.73 ms, found 3 plugins.
Preloading 0 native plugins for Editor in 0.00 ms.
Unloading 3380 Unused Serialized files (Serialized files now loaded: 0)
Unloading 27 unused Assets / (111.5 KB). Loaded Objects now: 3840.
Memory consumption went from 119.9 MB to 119.8 MB.
Total: 3.749600 ms (FindLiveObjects: 0.330000 ms CreateObjectMapping: 0.282900 ms MarkObjects: 2.994500 ms  DeleteObjects: 0.141100 ms)

AssetImportParameters requested are different than current active one (requested -> active):
  custom:video-decoder-ogg-theora: a1e56fd34408186e4bbccfd4996cb3dc -> 
  custom:container-muxer-webm: aa71ff27fc2769a1b78a27578f13a17b -> 
  custom:container-demuxer-webm: 4f35f7cbe854078d1ac9338744f61a02 -> 
  custom:video-encoder-webm-vp8: eb34c28f22e8b96e1ab97ce403110664 -> 
  custom:audio-encoder-webm-vorbis: bf7c407c2cedff20999df2af8eb42d56 -> 
  custom:framework-win-MediaFoundation: 216162199b28c13a410421893ffa2e32 -> 
  custom:container-demuxer-ogg: 62fdf1f143b41e24485cea50d1cbac27 -> 
  custom:video-decoder-webm-vp8: 9c59270c3fd7afecdb556c50c9e8de78 -> 
  custom:audio-decoder-ogg-vorbis: bf7c407c2cedff20999df2af8eb42d56 -> 
========================================================================
Received Import Request.
  Time since last request: 3079.954622 seconds.
  path: Assets/EmaceArt/Slavic World Free/Resources/LOD3/EA03_Env_Mud_Flat_01c.fbx
  artifactKey: Guid(3fc4e2e0a4767ce4b89510b516537019) Importer(815301076,1909f56bfc062723c751e8b465ee728b)
Start importing Assets/EmaceArt/Slavic World Free/Resources/LOD3/EA03_Env_Mud_Flat_01c.fbx using Guid(3fc4e2e0a4767ce4b89510b516537019) Importer(815301076,1909f56bfc062723c751e8b465ee728b)  -> (artifact id: '8f5f02d0aec2666c77fc282ffd2763c4') in 0.216330 seconds 
========================================================================
Received Import Request.
  Time since last request: 0.464351 seconds.
  path: Assets/EmaceArt/Slavic World Free/Resources/LOD3/EA03_Env_Rock_Slice_01a.fbx
  artifactKey: Guid(2b73a147fba04f14aaaeb246cb195843) Importer(815301076,1909f56bfc062723c751e8b465ee728b)
Start importing Assets/EmaceArt/Slavic World Free/Resources/LOD3/EA03_Env_Rock_Slice_01a.fbx using Guid(2b73a147fba04f14aaaeb246cb195843) Importer(815301076,1909f56bfc062723c751e8b465ee728b)  -> (artifact id: 'b3215bdec116f63c6c2b85f476487592') in 0.061177 seconds 
========================================================================
Received Import Request.
  Time since last request: 0.690719 seconds.
  path: Assets/EmaceArt/Slavic World Free/Resources/LOD3/EA03_Environment_Mud_04b.fbx
  artifactKey: Guid(04cc57e78fdae864b8d9ff24dcacce8c) Importer(815301076,1909f56bfc062723c751e8b465ee728b)
Start importing Assets/EmaceArt/Slavic World Free/Resources/LOD3/EA03_Environment_Mud_04b.fbx using Guid(04cc57e78fdae864b8d9ff24dcacce8c) Importer(815301076,1909f56bfc062723c751e8b465ee728b)  -> (artifact id: 'd850fb2f0bd3bbc67b147b54646448b5') in 0.069745 seconds 
========================================================================
Received Import Request.
  Time since last request: 0.000024 seconds.
  path: Assets/EmaceArt/Slavic World Free/Resources/LOD3/EA03_Environment_RiverStraight_01f_R.fbx
  artifactKey: Guid(a0729f630d8703c46bd307b0c0a8a526) Importer(815301076,1909f56bfc062723c751e8b465ee728b)
Start importing Assets/EmaceArt/Slavic World Free/Resources/LOD3/EA03_Environment_RiverStraight_01f_R.fbx using Guid(a0729f630d8703c46bd307b0c0a8a526) Importer(815301076,1909f56bfc062723c751e8b465ee728b)  -> (artifact id: '6415a633958f18ab9ea787a7418bfb88') in 0.062476 seconds 
========================================================================
Received Import Request.
  Time since last request: 0.723378 seconds.
  path: Assets/EmaceArt/Slavic World Free/Resources/LOD3/EA03_Environment_RiverStraight_02b.fbx
  artifactKey: Guid(aba02378cfcb2f54eb90a7ba55bcc6cd) Importer(815301076,1909f56bfc062723c751e8b465ee728b)
Start importing Assets/EmaceArt/Slavic World Free/Resources/LOD3/EA03_Environment_RiverStraight_02b.fbx using Guid(aba02378cfcb2f54eb90a7ba55bcc6cd) Importer(815301076,1909f56bfc062723c751e8b465ee728b)  -> (artifact id: '6e98831d8a83c14c2efd7eb351a60fbf') in 0.061628 seconds 
========================================================================
Received Import Request.
  Time since last request: 0.393083 seconds.
  path: Assets/EmaceArt/Slavic World Free/Resources/LOD3/EA03_Environment_Road_Cobble_Corner_01a.fbx
  artifactKey: Guid(89e8d684965d9284295aa3a97326c576) Importer(815301076,1909f56bfc062723c751e8b465ee728b)
Start importing Assets/EmaceArt/Slavic World Free/Resources/LOD3/EA03_Environment_Road_Cobble_Corner_01a.fbx using Guid(89e8d684965d9284295aa3a97326c576) Importer(815301076,1909f56bfc062723c751e8b465ee728b)  -> (artifact id: 'acf75fd1ab32ae820cf8823c2f3a14de') in 0.062774 seconds 
========================================================================
Received Import Request.
  Time since last request: 0.000024 seconds.
  path: Assets/EmaceArt/Slavic World Free/Resources/LOD3/EA03_Environment_RoadIsland_08.fbx
  artifactKey: Guid(d2b8685ae11e12b49bc3ede072f7cd1c) Importer(815301076,1909f56bfc062723c751e8b465ee728b)
Start importing Assets/EmaceArt/Slavic World Free/Resources/LOD3/EA03_Environment_RoadIsland_08.fbx using Guid(d2b8685ae11e12b49bc3ede072f7cd1c) Importer(815301076,1909f56bfc062723c751e8b465ee728b)  -> (artifact id: '43a5b591210816214cac461a3317010c') in 0.058362 seconds 
========================================================================
Received Import Request.
  Time since last request: 0.346062 seconds.
  path: Assets/EmaceArt/Slavic World Free/Resources/LOD3/EA03_Environment_RoadSide.fbx
  artifactKey: Guid(5bbe384892e4f9c4cacf14fdf74b04b1) Importer(815301076,1909f56bfc062723c751e8b465ee728b)
Start importing Assets/EmaceArt/Slavic World Free/Resources/LOD3/EA03_Environment_RoadSide.fbx using Guid(5bbe384892e4f9c4cacf14fdf74b04b1) Importer(815301076,1909f56bfc062723c751e8b465ee728b)  -> (artifact id: 'fdb304c6f8d5fec6f155982ad2498ee8') in 0.054320 seconds 
========================================================================
Received Import Request.
  Time since last request: 0.368194 seconds.
  path: Assets/EmaceArt/Slavic World Free/Resources/LOD3/EA03_Environment_Rock_Flat_04c.fbx
  artifactKey: Guid(43ca8dad8251f3e4686f4c16ad2c9100) Importer(815301076,1909f56bfc062723c751e8b465ee728b)
Start importing Assets/EmaceArt/Slavic World Free/Resources/LOD3/EA03_Environment_Rock_Flat_04c.fbx using Guid(43ca8dad8251f3e4686f4c16ad2c9100) Importer(815301076,1909f56bfc062723c751e8b465ee728b)  -> (artifact id: '1a0f1ba0e46767c069d19203c2c96e71') in 0.062562 seconds 
========================================================================
Received Import Request.
  Time since last request: 0.000028 seconds.
  path: Assets/EmaceArt/Slavic World Free/Resources/LOD3/EA03_Environment_Rock_Head_01a.fbx
  artifactKey: Guid(d4fd32c3fd3334f429f4b01b3068c916) Importer(815301076,1909f56bfc062723c751e8b465ee728b)
Start importing Assets/EmaceArt/Slavic World Free/Resources/LOD3/EA03_Environment_Rock_Head_01a.fbx using Guid(d4fd32c3fd3334f429f4b01b3068c916) Importer(815301076,1909f56bfc062723c751e8b465ee728b)  -> (artifact id: '8bd709d0df8781fe20a35ff564fbd14b') in 0.050466 seconds 
========================================================================
Received Import Request.
  Time since last request: 0.264118 seconds.
  path: Assets/EmaceArt/Slavic World Free/Resources/LOD3/EA03_Fence_Cobble_01b.fbx
  artifactKey: Guid(62c5fae6b2d72074cb87730bf5c27475) Importer(815301076,1909f56bfc062723c751e8b465ee728b)
Start importing Assets/EmaceArt/Slavic World Free/Resources/LOD3/EA03_Fence_Cobble_01b.fbx using Guid(62c5fae6b2d72074cb87730bf5c27475) Importer(815301076,1909f56bfc062723c751e8b465ee728b)  -> (artifact id: '436c168cacb31743fb21f1f515bebef5') in 0.069185 seconds 
========================================================================
Received Import Request.
  Time since last request: 0.390421 seconds.
  path: Assets/EmaceArt/Slavic World Free/Resources/LOD3/EA03_Fence_Plank_02b.fbx
  artifactKey: Guid(9a6b68b124304da48b60c294a6e0376c) Importer(815301076,1909f56bfc062723c751e8b465ee728b)
Start importing Assets/EmaceArt/Slavic World Free/Resources/LOD3/EA03_Fence_Plank_02b.fbx using Guid(9a6b68b124304da48b60c294a6e0376c) Importer(815301076,1909f56bfc062723c751e8b465ee728b)  -> (artifact id: '95d547cb339511b39a4668e59226a9ab') in 0.059586 seconds 
========================================================================
Received Import Request.
  Time since last request: 0.000032 seconds.
  path: Assets/EmaceArt/Slavic World Free/Resources/LOD3/EA03_Fence_Plank_02c.fbx
  artifactKey: Guid(c42a5db3829d76948ad314f7761737f0) Importer(815301076,1909f56bfc062723c751e8b465ee728b)
Start importing Assets/EmaceArt/Slavic World Free/Resources/LOD3/EA03_Fence_Plank_02c.fbx using Guid(c42a5db3829d76948ad314f7761737f0) Importer(815301076,1909f56bfc062723c751e8b465ee728b)  -> (artifact id: '248c64e91803f3d092a8336246d6b5da') in 0.057656 seconds 
========================================================================
Received Import Request.
  Time since last request: 0.320059 seconds.
  path: Assets/EmaceArt/Slavic World Free/Resources/LOD3/EA03_Fence_rockDesk_End_01a.fbx
  artifactKey: Guid(a147f4f3d76c88d438190a38b3eca73c) Importer(815301076,1909f56bfc062723c751e8b465ee728b)
Start importing Assets/EmaceArt/Slavic World Free/Resources/LOD3/EA03_Fence_rockDesk_End_01a.fbx using Guid(a147f4f3d76c88d438190a38b3eca73c) Importer(815301076,1909f56bfc062723c751e8b465ee728b)  -> (artifact id: '8ee73d9edadabc0cf72822561737d256') in 0.061106 seconds 
========================================================================
Received Import Request.
  Time since last request: 0.021584 seconds.
  path: Assets/EmaceArt/Slavic World Free/Resources/LOD3/EA03_Fence_SolidBeam_End_01a.fbx
  artifactKey: Guid(ca88ca3da92bf2b46a9ba4d2458cbb49) Importer(815301076,1909f56bfc062723c751e8b465ee728b)
Start importing Assets/EmaceArt/Slavic World Free/Resources/LOD3/EA03_Fence_SolidBeam_End_01a.fbx using Guid(ca88ca3da92bf2b46a9ba4d2458cbb49) Importer(815301076,1909f56bfc062723c751e8b465ee728b)  -> (artifact id: 'b1e9aa140fa04ef846164f66b1310aa6') in 0.052140 seconds 
========================================================================
Received Import Request.
  Time since last request: 1.001660 seconds.
  path: Assets/EmaceArt/Slavic World Free/Resources/LOD3/EA03_Fence_Wall_01b.fbx
  artifactKey: Guid(4f927d8c0f80da54eacc496ab63df1bf) Importer(815301076,1909f56bfc062723c751e8b465ee728b)
Start importing Assets/EmaceArt/Slavic World Free/Resources/LOD3/EA03_Fence_Wall_01b.fbx using Guid(4f927d8c0f80da54eacc496ab63df1bf) Importer(815301076,1909f56bfc062723c751e8b465ee728b)  -> (artifact id: '1abe646b7462ab6a9823d876c8bdd1a7') in 0.097611 seconds 
========================================================================
Received Import Request.
  Time since last request: 0.000024 seconds.
  path: Assets/EmaceArt/Slavic World Free/Resources/LOD3/EA03_Nature_Tree_02c.fbx
  artifactKey: Guid(7286095c26dbec849aa5a875a7972ca9) Importer(815301076,1909f56bfc062723c751e8b465ee728b)
Start importing Assets/EmaceArt/Slavic World Free/Resources/LOD3/EA03_Nature_Tree_02c.fbx using Guid(7286095c26dbec849aa5a875a7972ca9) Importer(815301076,1909f56bfc062723c751e8b465ee728b)  -> (artifact id: 'dbb6fd8a7406a5a941076b3233656c6b') in 0.083342 seconds 
========================================================================
Received Import Request.
  Time since last request: 0.000059 seconds.
  path: Assets/EmaceArt/Slavic World Free/Resources/LOD3/EA03_Prop_House_Shelf_01a.fbx
  artifactKey: Guid(fb814a59022e8554e86bcd2ce8087540) Importer(815301076,1909f56bfc062723c751e8b465ee728b)
Start importing Assets/EmaceArt/Slavic World Free/Resources/LOD3/EA03_Prop_House_Shelf_01a.fbx using Guid(fb814a59022e8554e86bcd2ce8087540) Importer(815301076,1909f56bfc062723c751e8b465ee728b)  -> (artifact id: 'b6ef5523d9ff48aae4693a2910d5b699') in 0.064688 seconds 
========================================================================
Received Import Request.
  Time since last request: 0.000024 seconds.
  path: Assets/EmaceArt/Slavic World Free/Resources/LOD3/EA03_Prop_Pier_03d.fbx
  artifactKey: Guid(59e498c8b581e6941a0e1631a78dbe85) Importer(815301076,1909f56bfc062723c751e8b465ee728b)
Start importing Assets/EmaceArt/Slavic World Free/Resources/LOD3/EA03_Prop_Pier_03d.fbx using Guid(59e498c8b581e6941a0e1631a78dbe85) Importer(815301076,1909f56bfc062723c751e8b465ee728b)  -> (artifact id: 'ff1fa4dc67786ca92a4cba9e18eb9aee') in 0.057511 seconds 
========================================================================
Received Import Request.
  Time since last request: 0.000021 seconds.
  path: Assets/EmaceArt/Slavic World Free/Resources/LOD3/EA03_Nature_TrunkPlant_01b.fbx
  artifactKey: Guid(8a575c0b25c3077419b76948ba1a2692) Importer(815301076,1909f56bfc062723c751e8b465ee728b)
Start importing Assets/EmaceArt/Slavic World Free/Resources/LOD3/EA03_Nature_TrunkPlant_01b.fbx using Guid(8a575c0b25c3077419b76948ba1a2692) Importer(815301076,1909f56bfc062723c751e8b465ee728b)  -> (artifact id: '4c2a83904627cb609983f59e4f8f9e74') in 0.053297 seconds 
========================================================================
Received Import Request.
  Time since last request: 0.000022 seconds.
  path: Assets/EmaceArt/Slavic World Free/Resources/LOD3/EA03_Prop_House_Shutter_01a.fbx
  artifactKey: Guid(32fa229b2d542da4ea1b8de2d762355f) Importer(815301076,1909f56bfc062723c751e8b465ee728b)
Start importing Assets/EmaceArt/Slavic World Free/Resources/LOD3/EA03_Prop_House_Shutter_01a.fbx using Guid(32fa229b2d542da4ea1b8de2d762355f) Importer(815301076,1909f56bfc062723c751e8b465ee728b)  -> (artifact id: '45b988759476696427058bbeb99644df') in 0.054882 seconds 
========================================================================
Received Import Request.
  Time since last request: 0.000027 seconds.
  path: Assets/EmaceArt/Slavic World Free/Resources/LOD3/EA03_Prop_Container_Basket_02.fbx
  artifactKey: Guid(ecb9c0970df71054ba737cea1a00120c) Importer(815301076,1909f56bfc062723c751e8b465ee728b)
Start importing Assets/EmaceArt/Slavic World Free/Resources/LOD3/EA03_Prop_Container_Basket_02.fbx using Guid(ecb9c0970df71054ba737cea1a00120c) Importer(815301076,1909f56bfc062723c751e8b465ee728b)  -> (artifact id: '302547ea2853a58147e1e7d73148be16') in 0.056028 seconds 
========================================================================
Received Import Request.
  Time since last request: 0.000071 seconds.
  path: Assets/EmaceArt/Slavic World Free/Resources/LOD3/EA03_Items_House_Besom_01a.fbx
  artifactKey: Guid(964f0c37f9d4d0f4c9dda09cbcfdbfcb) Importer(815301076,1909f56bfc062723c751e8b465ee728b)
Start importing Assets/EmaceArt/Slavic World Free/Resources/LOD3/EA03_Items_House_Besom_01a.fbx using Guid(964f0c37f9d4d0f4c9dda09cbcfdbfcb) Importer(815301076,1909f56bfc062723c751e8b465ee728b)  -> (artifact id: '7f9cde3ba87ecdee502f6680efc93bae') in 0.065683 seconds 
========================================================================
Received Import Request.
  Time since last request: 0.000024 seconds.
  path: Assets/EmaceArt/Slavic World Free/Resources/LOD3/EA03_Nature_Tree_02b.fbx
  artifactKey: Guid(15cbfd355642c1c48a6471b9ec0b25ba) Importer(815301076,1909f56bfc062723c751e8b465ee728b)
Start importing Assets/EmaceArt/Slavic World Free/Resources/LOD3/EA03_Nature_Tree_02b.fbx using Guid(15cbfd355642c1c48a6471b9ec0b25ba) Importer(815301076,1909f56bfc062723c751e8b465ee728b)  -> (artifact id: '6eef304686cc17448ea7ee04d491ff8a') in 0.075866 seconds 
========================================================================
Received Import Request.
  Time since last request: 0.000028 seconds.
  path: Assets/EmaceArt/Slavic World Free/Resources/LOD3/EA03_Prop_Stool_02a.fbx
  artifactKey: Guid(c05b38c4cb6d56443af89f2587f8a3b8) Importer(815301076,1909f56bfc062723c751e8b465ee728b)
Start importing Assets/EmaceArt/Slavic World Free/Resources/LOD3/EA03_Prop_Stool_02a.fbx using Guid(c05b38c4cb6d56443af89f2587f8a3b8) Importer(815301076,1909f56bfc062723c751e8b465ee728b)  -> (artifact id: 'ad2ed95c2397dc8d8559cbd1b36b3dd2') in 0.058838 seconds 
========================================================================
Received Import Request.
  Time since last request: 0.000026 seconds.
  path: Assets/EmaceArt/Slavic World Free/Resources/LOD3/EA03_Prop_Container_Barrel_01d.fbx
  artifactKey: Guid(7764483340bf24949af7c09f03fe50d0) Importer(815301076,1909f56bfc062723c751e8b465ee728b)
Start importing Assets/EmaceArt/Slavic World Free/Resources/LOD3/EA03_Prop_Container_Barrel_01d.fbx using Guid(7764483340bf24949af7c09f03fe50d0) Importer(815301076,1909f56bfc062723c751e8b465ee728b)  -> (artifact id: 'a68a25f598cf0b021e281aa9a26f3b5f') in 0.060166 seconds 
========================================================================
Received Import Request.
  Time since last request: 0.000036 seconds.
  path: Assets/EmaceArt/Slavic World Free/Resources/LOD3/EA03_Plant_Grass_01e.fbx
  artifactKey: Guid(c3f5ebd294edb9e468222b22e0edd694) Importer(815301076,1909f56bfc062723c751e8b465ee728b)
Start importing Assets/EmaceArt/Slavic World Free/Resources/LOD3/EA03_Plant_Grass_01e.fbx using Guid(c3f5ebd294edb9e468222b22e0edd694) Importer(815301076,1909f56bfc062723c751e8b465ee728b)  -> (artifact id: '0a3d607773862642232464dcb86aff5b') in 0.061055 seconds 
========================================================================
Received Import Request.
  Time since last request: 0.000024 seconds.
  path: Assets/EmaceArt/Slavic World Free/Resources/LOD3/EA03_Prop_Container_Crate_02a.fbx
  artifactKey: Guid(ebce493bda9473e4e9895e76b409a2d5) Importer(815301076,1909f56bfc062723c751e8b465ee728b)
Start importing Assets/EmaceArt/Slavic World Free/Resources/LOD3/EA03_Prop_Container_Crate_02a.fbx using Guid(ebce493bda9473e4e9895e76b409a2d5) Importer(815301076,1909f56bfc062723c751e8b465ee728b)  -> (artifact id: 'c9d3ac596be31577c631d0f9117678d4') in 0.068486 seconds 
========================================================================
Received Import Request.
  Time since last request: 0.000110 seconds.
  path: Assets/EmaceArt/Slavic World Free/Resources/LOD3/EA03_Prop_Village_Plank_01c.fbx
  artifactKey: Guid(3cc25829bbcb8f54ba43e1d58d84add4) Importer(815301076,1909f56bfc062723c751e8b465ee728b)
Start importing Assets/EmaceArt/Slavic World Free/Resources/LOD3/EA03_Prop_Village_Plank_01c.fbx using Guid(3cc25829bbcb8f54ba43e1d58d84add4) Importer(815301076,1909f56bfc062723c751e8b465ee728b)  -> (artifact id: 'e4cf3181103d685b820d8b5d638535bc') in 0.066335 seconds 
========================================================================
Received Import Request.
  Time since last request: 0.000031 seconds.
  path: Assets/EmaceArt/Slavic World Free/Resources/LOD3/EA03_Prop_House_Shelf_01g.fbx
  artifactKey: Guid(4fe658bda7c79114a9e825d286e3a6b8) Importer(815301076,1909f56bfc062723c751e8b465ee728b)
Start importing Assets/EmaceArt/Slavic World Free/Resources/LOD3/EA03_Prop_House_Shelf_01g.fbx using Guid(4fe658bda7c79114a9e825d286e3a6b8) Importer(815301076,1909f56bfc062723c751e8b465ee728b)  -> (artifact id: '0dca49ae9673f556d7cd5ab17e77675c') in 0.069973 seconds 
========================================================================
Received Import Request.
  Time since last request: 0.000085 seconds.
  path: Assets/EmaceArt/Slavic World Free/Resources/LOD4/EA03_Village_Hut_Ceiling_01e.fbx
  artifactKey: Guid(de708639cc9e7e2429d0f70d6792357f) Importer(815301076,1909f56bfc062723c751e8b465ee728b)
Start importing Assets/EmaceArt/Slavic World Free/Resources/LOD4/EA03_Village_Hut_Ceiling_01e.fbx using Guid(de708639cc9e7e2429d0f70d6792357f) Importer(815301076,1909f56bfc062723c751e8b465ee728b)  -> (artifact id: '85b246bc2138c4760c505e3c3cbffeda') in 0.082973 seconds 
========================================================================
Received Import Request.
  Time since last request: 0.000029 seconds.
  path: Assets/EmaceArt/Slavic World Free/Resources/LOD4/EA03_Village_HouseModule_Porch_01d.fbx
  artifactKey: Guid(52cab7cee1fd76b45b7ae4782200d5da) Importer(815301076,1909f56bfc062723c751e8b465ee728b)
Start importing Assets/EmaceArt/Slavic World Free/Resources/LOD4/EA03_Village_HouseModule_Porch_01d.fbx using Guid(52cab7cee1fd76b45b7ae4782200d5da) Importer(815301076,1909f56bfc062723c751e8b465ee728b)  -> (artifact id: '41587e230a088eb6a9346ca2a9a0f885') in 0.073414 seconds 
========================================================================
Received Import Request.
  Time since last request: 0.000025 seconds.
  path: Assets/EmaceArt/Slavic World Free/Resources/LOD4/EA03_Village_Hut_Wall_Front_02d.fbx
  artifactKey: Guid(13bb0042dbcee09478650939e9f2d958) Importer(815301076,1909f56bfc062723c751e8b465ee728b)
Start importing Assets/EmaceArt/Slavic World Free/Resources/LOD4/EA03_Village_Hut_Wall_Front_02d.fbx using Guid(13bb0042dbcee09478650939e9f2d958) Importer(815301076,1909f56bfc062723c751e8b465ee728b)  -> (artifact id: 'f8c2b5af48bc679b6ad35146aa15cde7') in 0.060040 seconds 
========================================================================
Received Import Request.
  Time since last request: 0.000034 seconds.
  path: Assets/EmaceArt/Slavic World Free/Resources/LOD4/EA03_Village_Hut_Roof_Cut_02a.fbx
  artifactKey: Guid(782e80f9bfe64c8429988c86c275909f) Importer(815301076,1909f56bfc062723c751e8b465ee728b)
Start importing Assets/EmaceArt/Slavic World Free/Resources/LOD4/EA03_Village_Hut_Roof_Cut_02a.fbx using Guid(782e80f9bfe64c8429988c86c275909f) Importer(815301076,1909f56bfc062723c751e8b465ee728b)  -> (artifact id: '3149f30ab904b0c28c2270966cbe2935') in 0.060653 seconds 
========================================================================
Received Import Request.
  Time since last request: 0.000033 seconds.
  path: Assets/EmaceArt/Slavic World Free/Resources/LOD4/EA03_Village_Hut_Wall_Painted_Desk_02a.fbx
  artifactKey: Guid(0d12112420a427644aada3727e4850a6) Importer(815301076,1909f56bfc062723c751e8b465ee728b)
Start importing Assets/EmaceArt/Slavic World Free/Resources/LOD4/EA03_Village_Hut_Wall_Painted_Desk_02a.fbx using Guid(0d12112420a427644aada3727e4850a6) Importer(815301076,1909f56bfc062723c751e8b465ee728b)  -> (artifact id: '4ca087aa57dd546fe0b67de372c41d20') in 0.069221 seconds 
========================================================================
Received Import Request.
  Time since last request: 0.000028 seconds.
  path: Assets/EmaceArt/Slavic World Free/Resources/LOD3/EA03_Prop_Forester_CutOutTrees_03.fbx
  artifactKey: Guid(d6bf3b4fc8215044b9bb595589ac850c) Importer(815301076,1909f56bfc062723c751e8b465ee728b)
Start importing Assets/EmaceArt/Slavic World Free/Resources/LOD3/EA03_Prop_Forester_CutOutTrees_03.fbx using Guid(d6bf3b4fc8215044b9bb595589ac850c) Importer(815301076,1909f56bfc062723c751e8b465ee728b)  -> (artifact id: 'e5efba51213713553e83cc6e7297bf9a') in 0.081108 seconds 
========================================================================
Received Import Request.
  Time since last request: 0.000030 seconds.
  path: Assets/EmaceArt/Slavic World Free/Resources/LOD4/EA03_Prop_House_Shutter_01e.fbx
  artifactKey: Guid(3f5532580310a2d459f769441f1c781b) Importer(815301076,1909f56bfc062723c751e8b465ee728b)
Start importing Assets/EmaceArt/Slavic World Free/Resources/LOD4/EA03_Prop_House_Shutter_01e.fbx using Guid(3f5532580310a2d459f769441f1c781b) Importer(815301076,1909f56bfc062723c751e8b465ee728b)  -> (artifact id: '913188c600c29a0d74d5060ea26229f5') in 0.071309 seconds 
========================================================================
Received Import Request.
  Time since last request: 0.000043 seconds.
  path: Assets/EmaceArt/Slavic World Free/Resources/LOD4/EA03_Village_Hut_Wall_Front_04e.fbx
  artifactKey: Guid(7c39965b26d41264aa2e9d96d16c8b28) Importer(815301076,1909f56bfc062723c751e8b465ee728b)
Start importing Assets/EmaceArt/Slavic World Free/Resources/LOD4/EA03_Village_Hut_Wall_Front_04e.fbx using Guid(7c39965b26d41264aa2e9d96d16c8b28) Importer(815301076,1909f56bfc062723c751e8b465ee728b)  -> (artifact id: 'e572369a1a4d88bedaf62e364b064802') in 0.071716 seconds 
========================================================================
Received Import Request.
  Time since last request: 0.000039 seconds.
  path: Assets/EmaceArt/Slavic World Free/Resources/LOD4/EA03_Wooden_Pin_01c.fbx
  artifactKey: Guid(e0ac2138a39a48d45a487ec92eab384e) Importer(815301076,1909f56bfc062723c751e8b465ee728b)
Start importing Assets/EmaceArt/Slavic World Free/Resources/LOD4/EA03_Wooden_Pin_01c.fbx using Guid(e0ac2138a39a48d45a487ec92eab384e) Importer(815301076,1909f56bfc062723c751e8b465ee728b)  -> (artifact id: '07b37a5c1df50f91194924fb6c70af3e') in 0.069538 seconds 
========================================================================
Received Import Request.
  Time since last request: 0.000027 seconds.
  path: Assets/EmaceArt/Slavic World Free/Resources/LOD3/EA_Items_House_cauldron_01a.fbx
  artifactKey: Guid(18e6697db3d760b458f4b70bc98f7d15) Importer(815301076,1909f56bfc062723c751e8b465ee728b)
Start importing Assets/EmaceArt/Slavic World Free/Resources/LOD3/EA_Items_House_cauldron_01a.fbx using Guid(18e6697db3d760b458f4b70bc98f7d15) Importer(815301076,1909f56bfc062723c751e8b465ee728b)  -> (artifact id: 'da194d44523f85b6c5da45c4b4033d3f') in 0.059981 seconds 
========================================================================
Received Import Request.
  Time since last request: 0.000701 seconds.
  path: Assets/EmaceArt/Slavic World Free/Resources/LOD3/EA_Items_House_pan_empty_01a.fbx
  artifactKey: Guid(ae024c3e1ae079546a061550ce88ef0c) Importer(815301076,1909f56bfc062723c751e8b465ee728b)
Start importing Assets/EmaceArt/Slavic World Free/Resources/LOD3/EA_Items_House_pan_empty_01a.fbx using Guid(ae024c3e1ae079546a061550ce88ef0c) Importer(815301076,1909f56bfc062723c751e8b465ee728b)  -> (artifact id: '9a270827f95bb7e350aa1f8570d5fab5') in 0.069710 seconds 
========================================================================
Received Import Request.
  Time since last request: 0.000031 seconds.
  path: Assets/EmaceArt/Slavic World Free/Resources/LOD3/EA_Items_House_spoon_wooden_04.fbx
  artifactKey: Guid(b1390cea618c0d4468b6860e020625d0) Importer(815301076,1909f56bfc062723c751e8b465ee728b)
Start importing Assets/EmaceArt/Slavic World Free/Resources/LOD3/EA_Items_House_spoon_wooden_04.fbx using Guid(b1390cea618c0d4468b6860e020625d0) Importer(815301076,1909f56bfc062723c751e8b465ee728b)  -> (artifact id: '6917106268c369971145725ca4119318') in 0.058605 seconds 
========================================================================
Received Import Request.
  Time since last request: 0.000082 seconds.
  path: Assets/EmaceArt/Slavic World Free/Resources/LOD4/EA03_Village_Balcony_R_01a.fbx
  artifactKey: Guid(3cdab808e659dab48a77f94903885475) Importer(815301076,1909f56bfc062723c751e8b465ee728b)
Start importing Assets/EmaceArt/Slavic World Free/Resources/LOD4/EA03_Village_Balcony_R_01a.fbx using Guid(3cdab808e659dab48a77f94903885475) Importer(815301076,1909f56bfc062723c751e8b465ee728b)  -> (artifact id: '6cb869494d2e18dafa1ffd6f054d779e') in 0.075818 seconds 
========================================================================
Received Import Request.
  Time since last request: 0.000027 seconds.
  path: Assets/EmaceArt/Slavic World Free/Resources/LOD3/EA03_Prop_House_Shutter_01d.fbx
  artifactKey: Guid(7fe480ce6a490174a961d9d0ac9efc44) Importer(815301076,1909f56bfc062723c751e8b465ee728b)
Start importing Assets/EmaceArt/Slavic World Free/Resources/LOD3/EA03_Prop_House_Shutter_01d.fbx using Guid(7fe480ce6a490174a961d9d0ac9efc44) Importer(815301076,1909f56bfc062723c751e8b465ee728b)  -> (artifact id: 'cb578033aab51dce4ca54aec884ed79a') in 0.061340 seconds 
========================================================================
Received Import Request.
  Time since last request: 0.000028 seconds.
  path: Assets/EmaceArt/Slavic World Free/Resources/LOD3/EA03_Prop_Container_Crate_01a.fbx
  artifactKey: Guid(c0c7b14491863c241a11772765f86d07) Importer(815301076,1909f56bfc062723c751e8b465ee728b)
Start importing Assets/EmaceArt/Slavic World Free/Resources/LOD3/EA03_Prop_Container_Crate_01a.fbx using Guid(c0c7b14491863c241a11772765f86d07) Importer(815301076,1909f56bfc062723c751e8b465ee728b)  -> (artifact id: '0e36f5ff564f66d15f352f141d43e590') in 0.059230 seconds 
========================================================================
Received Import Request.
  Time since last request: 0.000027 seconds.
  path: Assets/EmaceArt/Slavic World Free/Resources/LOD3/EA03_Plant_Grass_01c.fbx
  artifactKey: Guid(09fd99c250bbf3b43b2f4f2e5ab0642f) Importer(815301076,1909f56bfc062723c751e8b465ee728b)
Start importing Assets/EmaceArt/Slavic World Free/Resources/LOD3/EA03_Plant_Grass_01c.fbx using Guid(09fd99c250bbf3b43b2f4f2e5ab0642f) Importer(815301076,1909f56bfc062723c751e8b465ee728b)  -> (artifact id: '8b0650241f6f2a04d5f782d409ca7ecd') in 0.056777 seconds 
========================================================================
Received Import Request.
  Time since last request: 0.000034 seconds.
  path: Assets/EmaceArt/Slavic World Free/Resources/LOD3/EA03_Prop_Tabble_02a.fbx
  artifactKey: Guid(f4ce1aacfc1c4fe458d340af857e9d79) Importer(815301076,1909f56bfc062723c751e8b465ee728b)
Start importing Assets/EmaceArt/Slavic World Free/Resources/LOD3/EA03_Prop_Tabble_02a.fbx using Guid(f4ce1aacfc1c4fe458d340af857e9d79) Importer(815301076,1909f56bfc062723c751e8b465ee728b)  -> (artifact id: 'edee1743ceefdd846bfbc91c9392315d') in 0.057048 seconds 
========================================================================
Received Import Request.
  Time since last request: 0.000025 seconds.
  path: Assets/EmaceArt/Slavic World Free/Resources/LOD4/EA03_Village_OutBuilding_PentHouse_01a.fbx
  artifactKey: Guid(9c9f2f2aa57ac854aba6e282ecd0643c) Importer(815301076,1909f56bfc062723c751e8b465ee728b)
Start importing Assets/EmaceArt/Slavic World Free/Resources/LOD4/EA03_Village_OutBuilding_PentHouse_01a.fbx using Guid(9c9f2f2aa57ac854aba6e282ecd0643c) Importer(815301076,1909f56bfc062723c751e8b465ee728b)  -> (artifact id: 'df7d3a6ebe7c066cd26ec2d752f2d0e2') in 0.064567 seconds 
========================================================================
Received Import Request.
  Time since last request: 0.000024 seconds.
  path: Assets/EmaceArt/Slavic World Free/Resources/LOD4/EA03_Village_platform_01a.fbx
  artifactKey: Guid(b63ce2fc5e65360428a4d45bbd8e52e4) Importer(815301076,1909f56bfc062723c751e8b465ee728b)
Start importing Assets/EmaceArt/Slavic World Free/Resources/LOD4/EA03_Village_platform_01a.fbx using Guid(b63ce2fc5e65360428a4d45bbd8e52e4) Importer(815301076,1909f56bfc062723c751e8b465ee728b)  -> (artifact id: '870f385823b5a71f482cf5a748c48425') in 0.068244 seconds 
========================================================================
Received Import Request.
  Time since last request: 0.000029 seconds.
  path: Assets/EmaceArt/Slavic World Free/Resources/LOD3/EA03_Items_House_Bottle_01a.fbx
  artifactKey: Guid(7419ec3279586984092aa99f26308880) Importer(815301076,1909f56bfc062723c751e8b465ee728b)
Start importing Assets/EmaceArt/Slavic World Free/Resources/LOD3/EA03_Items_House_Bottle_01a.fbx using Guid(7419ec3279586984092aa99f26308880) Importer(815301076,1909f56bfc062723c751e8b465ee728b)  -> (artifact id: '443c4208d218246617b24af8c68c1500') in 0.060454 seconds 
========================================================================
Received Import Request.
  Time since last request: 0.000040 seconds.
  path: Assets/EmaceArt/Slavic World Free/Resources/LOD3/EA_Items_House_kettle_01a.fbx
  artifactKey: Guid(938d24eb3c15ada4f9e3900c8cc3bfa7) Importer(815301076,1909f56bfc062723c751e8b465ee728b)
Start importing Assets/EmaceArt/Slavic World Free/Resources/LOD3/EA_Items_House_kettle_01a.fbx using Guid(938d24eb3c15ada4f9e3900c8cc3bfa7) Importer(815301076,1909f56bfc062723c751e8b465ee728b)  -> (artifact id: '79c541978d6d57a67b1337f531f66c8c') in 0.061821 seconds 
========================================================================
Received Import Request.
  Time since last request: 0.000028 seconds.
  path: Assets/EmaceArt/Slavic World Free/Resources/LOD3/EA03_Prop_Town_Bench_01a.fbx
  artifactKey: Guid(1fbffa5408e364f4f81ae10cf69ba3cd) Importer(815301076,1909f56bfc062723c751e8b465ee728b)
Start importing Assets/EmaceArt/Slavic World Free/Resources/LOD3/EA03_Prop_Town_Bench_01a.fbx using Guid(1fbffa5408e364f4f81ae10cf69ba3cd) Importer(815301076,1909f56bfc062723c751e8b465ee728b)  -> (artifact id: 'fb6600d383e1f209e72b2cbed91be793') in 0.058320 seconds 
========================================================================
Received Import Request.
  Time since last request: 0.000033 seconds.
  path: Assets/EmaceArt/Slavic World Free/Resources/LOD4/EA03_Village_Hut_Roof_Cut_01b.fbx
  artifactKey: Guid(edecf5bdd1bbc82448daa097d92c790b) Importer(815301076,1909f56bfc062723c751e8b465ee728b)
Start importing Assets/EmaceArt/Slavic World Free/Resources/LOD4/EA03_Village_Hut_Roof_Cut_01b.fbx using Guid(edecf5bdd1bbc82448daa097d92c790b) Importer(815301076,1909f56bfc062723c751e8b465ee728b)  -> (artifact id: 'c23867d81b332f09bf2bedbbad1caae9') in 0.074231 seconds 
========================================================================
Received Import Request.
  Time since last request: 0.000027 seconds.
  path: Assets/EmaceArt/Slavic World Free/Resources/LOD3/EA03_Prop_Tabble_01a.fbx
  artifactKey: Guid(182a919d67edf954198ec0f464311a5d) Importer(815301076,1909f56bfc062723c751e8b465ee728b)
Start importing Assets/EmaceArt/Slavic World Free/Resources/LOD3/EA03_Prop_Tabble_01a.fbx using Guid(182a919d67edf954198ec0f464311a5d) Importer(815301076,1909f56bfc062723c751e8b465ee728b)  -> (artifact id: 'e30151d64add1782a43384185719be26') in 0.066136 seconds 
========================================================================
Received Import Request.
  Time since last request: 0.000032 seconds.
  path: Assets/EmaceArt/Slavic World Free/Resources/LOD4/EA03_Village_OutBuilding_Shed_01a.fbx
  artifactKey: Guid(dcb5cac8484b68a44a4d696362333694) Importer(815301076,1909f56bfc062723c751e8b465ee728b)
Start importing Assets/EmaceArt/Slavic World Free/Resources/LOD4/EA03_Village_OutBuilding_Shed_01a.fbx using Guid(dcb5cac8484b68a44a4d696362333694) Importer(815301076,1909f56bfc062723c751e8b465ee728b)  -> (artifact id: '2e7a36adc2b7c3f55817b487b222a01e') in 0.109216 seconds 
========================================================================
Received Import Request.
  Time since last request: 0.000024 seconds.
  path: Assets/EmaceArt/Slavic World Free/Resources/LOD4/EA03_Village_Hut_Wall_Front_04h.fbx
  artifactKey: Guid(045c5ae697b279e4794a7c8d9f3e1e52) Importer(815301076,1909f56bfc062723c751e8b465ee728b)
Start importing Assets/EmaceArt/Slavic World Free/Resources/LOD4/EA03_Village_Hut_Wall_Front_04h.fbx using Guid(045c5ae697b279e4794a7c8d9f3e1e52) Importer(815301076,1909f56bfc062723c751e8b465ee728b)  -> (artifact id: 'b95ccc744dbbf895cf9b87cce92bb99d') in 0.068513 seconds 
========================================================================
Received Import Request.
  Time since last request: 0.000031 seconds.
  path: Assets/EmaceArt/Slavic World Free/Resources/LOD3/EA_Items_House_soon_wooden.fbx
  artifactKey: Guid(0855f54a13378d54082bfa3148cc5ef5) Importer(815301076,1909f56bfc062723c751e8b465ee728b)
Start importing Assets/EmaceArt/Slavic World Free/Resources/LOD3/EA_Items_House_soon_wooden.fbx using Guid(0855f54a13378d54082bfa3148cc5ef5) Importer(815301076,1909f56bfc062723c751e8b465ee728b)  -> (artifact id: '7522063fb120505a42cefb603dff9d76') in 0.059882 seconds 
========================================================================
Received Import Request.
  Time since last request: 0.000080 seconds.
  path: Assets/EmaceArt/Slavic World Free/Resources/LOD3/EA_Items_House_kettle_empty_01a.fbx
  artifactKey: Guid(64269ae04169bfa4faf3bb8f18263056) Importer(815301076,1909f56bfc062723c751e8b465ee728b)
Start importing Assets/EmaceArt/Slavic World Free/Resources/LOD3/EA_Items_House_kettle_empty_01a.fbx using Guid(64269ae04169bfa4faf3bb8f18263056) Importer(815301076,1909f56bfc062723c751e8b465ee728b)  -> (artifact id: '34d6f76a51cdf685f7365bdb407ef961') in 0.063269 seconds 
========================================================================
Received Import Request.
  Time since last request: 0.000028 seconds.
  path: Assets/EmaceArt/Slavic World Free/Resources/LOD4/EA03_Village_Hut_Wall_Front_04f.fbx
  artifactKey: Guid(e957be97d0bde9d4ea9c05efad626c11) Importer(815301076,1909f56bfc062723c751e8b465ee728b)
Start importing Assets/EmaceArt/Slavic World Free/Resources/LOD4/EA03_Village_Hut_Wall_Front_04f.fbx using Guid(e957be97d0bde9d4ea9c05efad626c11) Importer(815301076,1909f56bfc062723c751e8b465ee728b)  -> (artifact id: '0527b94980021d908cfbd5b88f101bb2') in 0.078151 seconds 
========================================================================
Received Import Request.
  Time since last request: 0.000023 seconds.
  path: Assets/EmaceArt/Slavic World Free/Resources/LOD4/EA03_Village_Hut_Wall_Front_01i.fbx
  artifactKey: Guid(c231ab4bdde8ca245b5f0ad0ee2ffa5b) Importer(815301076,1909f56bfc062723c751e8b465ee728b)
Start importing Assets/EmaceArt/Slavic World Free/Resources/LOD4/EA03_Village_Hut_Wall_Front_01i.fbx using Guid(c231ab4bdde8ca245b5f0ad0ee2ffa5b) Importer(815301076,1909f56bfc062723c751e8b465ee728b)  -> (artifact id: 'ac25234e757f2631517bc51be4432af7') in 0.072225 seconds 
========================================================================
Received Import Request.
  Time since last request: 0.000029 seconds.
  path: Assets/EmaceArt/Slavic World Free/Resources/LOD4/EA03_Village_Fence_01a.fbx
  artifactKey: Guid(a660a4d6df7174347be374a2e596912c) Importer(815301076,1909f56bfc062723c751e8b465ee728b)
Start importing Assets/EmaceArt/Slavic World Free/Resources/LOD4/EA03_Village_Fence_01a.fbx using Guid(a660a4d6df7174347be374a2e596912c) Importer(815301076,1909f56bfc062723c751e8b465ee728b)  -> (artifact id: '0e715cf773d61643d9b805ff05eec2eb') in 0.069422 seconds 
========================================================================
Received Import Request.
  Time since last request: 0.000036 seconds.
  path: Assets/EmaceArt/Slavic World Free/Resources/LOD3/EA03_Prop_Town_AnimalSkin_01b.fbx
  artifactKey: Guid(17c165cd03e14754583367f8b65896a5) Importer(815301076,1909f56bfc062723c751e8b465ee728b)
Start importing Assets/EmaceArt/Slavic World Free/Resources/LOD3/EA03_Prop_Town_AnimalSkin_01b.fbx using Guid(17c165cd03e14754583367f8b65896a5) Importer(815301076,1909f56bfc062723c751e8b465ee728b)  -> (artifact id: '369306c6b3cec31bfdb33b0092717cb9') in 0.066971 seconds 
========================================================================
Received Import Request.
  Time since last request: 0.000030 seconds.
  path: Assets/EmaceArt/Slavic World Free/Resources/LOD3/EA03_Prop_House_Bolt_01a.fbx
  artifactKey: Guid(7f9a60a57f050714eae82709525a7f11) Importer(815301076,1909f56bfc062723c751e8b465ee728b)
Start importing Assets/EmaceArt/Slavic World Free/Resources/LOD3/EA03_Prop_House_Bolt_01a.fbx using Guid(7f9a60a57f050714eae82709525a7f11) Importer(815301076,1909f56bfc062723c751e8b465ee728b)  -> (artifact id: '0446c158cd1bc8c9afe1cb3b4c3f8e65') in 0.078418 seconds 
========================================================================
Received Import Request.
  Time since last request: 0.000025 seconds.
  path: Assets/EmaceArt/Slavic World Free/Resources/LOD3/EA03_Nature_SweetFlag_01b.fbx
  artifactKey: Guid(fd8fd8c44ae84e8488a9eab93b41d7a3) Importer(815301076,1909f56bfc062723c751e8b465ee728b)
Start importing Assets/EmaceArt/Slavic World Free/Resources/LOD3/EA03_Nature_SweetFlag_01b.fbx using Guid(fd8fd8c44ae84e8488a9eab93b41d7a3) Importer(815301076,1909f56bfc062723c751e8b465ee728b)  -> (artifact id: 'c5f0be4241b65155a7258223763b4a1a') in 0.057727 seconds 
========================================================================
Received Import Request.
  Time since last request: 0.000140 seconds.
  path: Assets/EmaceArt/Slavic World Free/Resources/LOD3/EA03_Prop_Container_Crate_03a.fbx
  artifactKey: Guid(bc95e47ba4b19a24db9583856173a412) Importer(815301076,1909f56bfc062723c751e8b465ee728b)
Start importing Assets/EmaceArt/Slavic World Free/Resources/LOD3/EA03_Prop_Container_Crate_03a.fbx using Guid(bc95e47ba4b19a24db9583856173a412) Importer(815301076,1909f56bfc062723c751e8b465ee728b)  -> (artifact id: 'b8c4d13124d814b722a3a2e8ea6a2952') in 0.061033 seconds 
========================================================================
Received Import Request.
  Time since last request: 0.000039 seconds.
  path: Assets/EmaceArt/Slavic World Free/Resources/LOD4/EA03_Village_Hut_Roof_01c.fbx
  artifactKey: Guid(daf83e804cfa0774485b988b53c5098e) Importer(815301076,1909f56bfc062723c751e8b465ee728b)
Start importing Assets/EmaceArt/Slavic World Free/Resources/LOD4/EA03_Village_Hut_Roof_01c.fbx using Guid(daf83e804cfa0774485b988b53c5098e) Importer(815301076,1909f56bfc062723c751e8b465ee728b)  -> (artifact id: 'b84eb67df3e118194210f53b4feb92ba') in 0.074600 seconds 
========================================================================
Received Import Request.
  Time since last request: 0.000025 seconds.
  path: Assets/EmaceArt/Slavic World Free/Resources/LOD4/EA03_Village_Hut_Wall_Desk_02a.fbx
  artifactKey: Guid(54ccb70bd724031409b5de99828ad0b7) Importer(815301076,1909f56bfc062723c751e8b465ee728b)
Start importing Assets/EmaceArt/Slavic World Free/Resources/LOD4/EA03_Village_Hut_Wall_Desk_02a.fbx using Guid(54ccb70bd724031409b5de99828ad0b7) Importer(815301076,1909f56bfc062723c751e8b465ee728b)  -> (artifact id: 'd81b6853f23e83c022ad846a8293861c') in 0.073245 seconds 
========================================================================
Received Import Request.
  Time since last request: 0.000025 seconds.
  path: Assets/EmaceArt/Slavic World Free/Resources/LOD3/EA03_Nature_SweetFlag_01c.fbx
  artifactKey: Guid(49fe4ca5e08b1c34ea4bba9edb8dcefb) Importer(815301076,1909f56bfc062723c751e8b465ee728b)
Start importing Assets/EmaceArt/Slavic World Free/Resources/LOD3/EA03_Nature_SweetFlag_01c.fbx using Guid(49fe4ca5e08b1c34ea4bba9edb8dcefb) Importer(815301076,1909f56bfc062723c751e8b465ee728b)  -> (artifact id: 'd123e1dacf1275be150750a59ceac54b') in 0.071294 seconds 
========================================================================
Received Import Request.
  Time since last request: 0.000027 seconds.
  path: Assets/EmaceArt/Slavic World Free/Resources/LOD3/EA03_Wooden_Pin_01a.fbx
  artifactKey: Guid(d7a9a566847b1d646a4668f092a170e4) Importer(815301076,1909f56bfc062723c751e8b465ee728b)
Start importing Assets/EmaceArt/Slavic World Free/Resources/LOD3/EA03_Wooden_Pin_01a.fbx using Guid(d7a9a566847b1d646a4668f092a170e4) Importer(815301076,1909f56bfc062723c751e8b465ee728b)  -> (artifact id: '22bb935a70a6b5c2885fa48a97253c8c') in 0.058686 seconds 
========================================================================
Received Import Request.
  Time since last request: 0.000038 seconds.
  path: Assets/EmaceArt/Slavic World Free/Resources/LOD3/EA03_Prop_Village_Whell_01d.fbx
  artifactKey: Guid(55c53df0220fd894c88ac018a5b9f012) Importer(815301076,1909f56bfc062723c751e8b465ee728b)
Start importing Assets/EmaceArt/Slavic World Free/Resources/LOD3/EA03_Prop_Village_Whell_01d.fbx using Guid(55c53df0220fd894c88ac018a5b9f012) Importer(815301076,1909f56bfc062723c751e8b465ee728b)  -> (artifact id: '78e1476ef3e378039bd7d38eb54e55b5') in 0.072173 seconds 
========================================================================
Received Import Request.
  Time since last request: 0.000023 seconds.
  path: Assets/EmaceArt/Slavic World Free/Resources/LOD3/EA03_Nature_Tree_06b.fbx
  artifactKey: Guid(2a1270078acdb914ab779a3bde9f983c) Importer(815301076,1909f56bfc062723c751e8b465ee728b)
Start importing Assets/EmaceArt/Slavic World Free/Resources/LOD3/EA03_Nature_Tree_06b.fbx using Guid(2a1270078acdb914ab779a3bde9f983c) Importer(815301076,1909f56bfc062723c751e8b465ee728b)  -> (artifact id: '43cf0e9d316a9d30567f35a3f898c97a') in 0.059687 seconds 
========================================================================
Received Import Request.
  Time since last request: 0.000024 seconds.
  path: Assets/EmaceArt/Slavic World Free/Resources/LOD4/EA03_Village_Hut_Roof_Cut_01c.001.fbx
  artifactKey: Guid(59718ed7c97a4ee47a43c8593576dc33) Importer(815301076,1909f56bfc062723c751e8b465ee728b)
Start importing Assets/EmaceArt/Slavic World Free/Resources/LOD4/EA03_Village_Hut_Roof_Cut_01c.001.fbx using Guid(59718ed7c97a4ee47a43c8593576dc33) Importer(815301076,1909f56bfc062723c751e8b465ee728b)  -> (artifact id: '2c7537c3ae5e044f7deaa5ab164b45f8') in 0.074307 seconds 
========================================================================
Received Import Request.
  Time since last request: 0.000032 seconds.
  path: Assets/EmaceArt/Slavic World Free/Resources/LOD4/EA03_Village_HouseModule_Porch_R_03b.fbx
  artifactKey: Guid(42208ee65d50f4b4aa6eae18b24287e3) Importer(815301076,1909f56bfc062723c751e8b465ee728b)
Start importing Assets/EmaceArt/Slavic World Free/Resources/LOD4/EA03_Village_HouseModule_Porch_R_03b.fbx using Guid(42208ee65d50f4b4aa6eae18b24287e3) Importer(815301076,1909f56bfc062723c751e8b465ee728b)  -> (artifact id: 'b6bde112409f658511091482ddb67c0b') in 0.072255 seconds 
========================================================================
Received Import Request.
  Time since last request: 0.000031 seconds.
  path: Assets/EmaceArt/Slavic World Free/Resources/LOD3/EA03_Prop_Town_Bed_01a.004.fbx
  artifactKey: Guid(34a3e6c5d7f9337469118e21236729ab) Importer(815301076,1909f56bfc062723c751e8b465ee728b)
Start importing Assets/EmaceArt/Slavic World Free/Resources/LOD3/EA03_Prop_Town_Bed_01a.004.fbx using Guid(34a3e6c5d7f9337469118e21236729ab) Importer(815301076,1909f56bfc062723c751e8b465ee728b)  -> (artifact id: 'b82af61a1b89d77341b6c7b6b377ffa9') in 0.060090 seconds 
========================================================================
Received Import Request.
  Time since last request: 0.000024 seconds.
  path: Assets/EmaceArt/Slavic World Free/Resources/LOD3/EA_Items_House_mug_02a.fbx
  artifactKey: Guid(0ce66a9e7766dc7459519ea22d100950) Importer(815301076,1909f56bfc062723c751e8b465ee728b)
Start importing Assets/EmaceArt/Slavic World Free/Resources/LOD3/EA_Items_House_mug_02a.fbx using Guid(0ce66a9e7766dc7459519ea22d100950) Importer(815301076,1909f56bfc062723c751e8b465ee728b)  -> (artifact id: '63a3f9fe727b3c2b7cd02ba3bb23f5b0') in 0.061685 seconds 
========================================================================
Received Import Request.
  Time since last request: 0.000023 seconds.
  path: Assets/EmaceArt/Slavic World Free/Resources/LOD4/EA03_Village_Hut_Wall_Painted_Front_02a.fbx
  artifactKey: Guid(1ce8c072405e7274fa145d02a18fac73) Importer(815301076,1909f56bfc062723c751e8b465ee728b)
Start importing Assets/EmaceArt/Slavic World Free/Resources/LOD4/EA03_Village_Hut_Wall_Painted_Front_02a.fbx using Guid(1ce8c072405e7274fa145d02a18fac73) Importer(815301076,1909f56bfc062723c751e8b465ee728b)  -> (artifact id: '743bfc8da05eaa0088797810d6d48d68') in 0.160037 seconds 
========================================================================
Received Import Request.
  Time since last request: 0.000030 seconds.
  path: Assets/EmaceArt/Slavic World Free/Resources/LOD3/EA_Items_House_bowl_metal_01c.fbx
  artifactKey: Guid(bb6405d0387f01a49a96a321a75e3ab9) Importer(815301076,1909f56bfc062723c751e8b465ee728b)
Start importing Assets/EmaceArt/Slavic World Free/Resources/LOD3/EA_Items_House_bowl_metal_01c.fbx using Guid(bb6405d0387f01a49a96a321a75e3ab9) Importer(815301076,1909f56bfc062723c751e8b465ee728b)  -> (artifact id: 'b2d5ee517de2de29e524f27822fc8e1c') in 0.066142 seconds 
========================================================================
Received Import Request.
  Time since last request: 0.000032 seconds.
  path: Assets/EmaceArt/Slavic World Free/Resources/LOD4/EA03_Village_OutBuilding_Cubby_01d.fbx
  artifactKey: Guid(6ee362c65b6f7d0468ee697b6fa177f4) Importer(815301076,1909f56bfc062723c751e8b465ee728b)
Start importing Assets/EmaceArt/Slavic World Free/Resources/LOD4/EA03_Village_OutBuilding_Cubby_01d.fbx using Guid(6ee362c65b6f7d0468ee697b6fa177f4) Importer(815301076,1909f56bfc062723c751e8b465ee728b)  -> (artifact id: 'c22b66d13195b9e8f7c890f2cfa85cee') in 0.075746 seconds 
========================================================================
Received Import Request.
  Time since last request: 0.000309 seconds.
  path: Assets/EmaceArt/Slavic World Free/Resources/LOD3/EA03_Prop_Tool_Stump_02a.fbx
  artifactKey: Guid(69b9fb8b93ab03b43b08cb7d05ad286e) Importer(815301076,1909f56bfc062723c751e8b465ee728b)
Start importing Assets/EmaceArt/Slavic World Free/Resources/LOD3/EA03_Prop_Tool_Stump_02a.fbx using Guid(69b9fb8b93ab03b43b08cb7d05ad286e) Importer(815301076,1909f56bfc062723c751e8b465ee728b)  -> (artifact id: '5661c8331a6f0c4aac07cc9ced54220b') in 0.062994 seconds 
========================================================================
Received Import Request.
  Time since last request: 0.000023 seconds.
  path: Assets/EmaceArt/Slavic World Free/Resources/LOD3/EA03_Prop_House_Hanger_01b.fbx
  artifactKey: Guid(3ec3980c47838d74a9b181fd252db2c0) Importer(815301076,1909f56bfc062723c751e8b465ee728b)
Start importing Assets/EmaceArt/Slavic World Free/Resources/LOD3/EA03_Prop_House_Hanger_01b.fbx using Guid(3ec3980c47838d74a9b181fd252db2c0) Importer(815301076,1909f56bfc062723c751e8b465ee728b)  -> (artifact id: '2a66759d7bb64d535e010acb3883d1b3') in 0.055758 seconds 
========================================================================
Received Import Request.
  Time since last request: 0.000026 seconds.
  path: Assets/EmaceArt/Slavic World Free/Resources/LOD3/EA03_Prop_Shelf_01b.fbx
  artifactKey: Guid(703f93609c602a04e9323bea22985490) Importer(815301076,1909f56bfc062723c751e8b465ee728b)
Start importing Assets/EmaceArt/Slavic World Free/Resources/LOD3/EA03_Prop_Shelf_01b.fbx using Guid(703f93609c602a04e9323bea22985490) Importer(815301076,1909f56bfc062723c751e8b465ee728b)  -> (artifact id: '68c509b3b5b4c49fd02c0febb8738e4c') in 0.059950 seconds 
========================================================================
Received Import Request.
  Time since last request: 0.000035 seconds.
  path: Assets/EmaceArt/Slavic World Free/Resources/LOD4/EA03_Town_Ill_Roof_01a.fbx
  artifactKey: Guid(a24843a2bac54d949b6ed63cef4f50ab) Importer(815301076,1909f56bfc062723c751e8b465ee728b)
Start importing Assets/EmaceArt/Slavic World Free/Resources/LOD4/EA03_Town_Ill_Roof_01a.fbx using Guid(a24843a2bac54d949b6ed63cef4f50ab) Importer(815301076,1909f56bfc062723c751e8b465ee728b)  -> (artifact id: '55656168f938082476bbc1b4b95c915c') in 0.077923 seconds 
========================================================================
Received Import Request.
  Time since last request: 0.000080 seconds.
  path: Assets/EmaceArt/Slavic World Free/Resources/LOD4/EA03_Village_OutBuilding_Shed_03b.fbx
  artifactKey: Guid(19e781545a140be4b97bcc7f12ed95d2) Importer(815301076,1909f56bfc062723c751e8b465ee728b)
Start importing Assets/EmaceArt/Slavic World Free/Resources/LOD4/EA03_Village_OutBuilding_Shed_03b.fbx using Guid(19e781545a140be4b97bcc7f12ed95d2) Importer(815301076,1909f56bfc062723c751e8b465ee728b)  -> (artifact id: '8cabc5ca3b9e38dff1c6c0cb54495ded') in 0.076484 seconds 
========================================================================
Received Import Request.
  Time since last request: 406.261377 seconds.
  path: Assets/EmaceArt/Slavic World Free/Texture/Flower_Grass.png
  artifactKey: Guid(75c5fa47d1f3b3e4592a12a4158ed2d6) Importer(815301076,1909f56bfc062723c751e8b465ee728b)
Start importing Assets/EmaceArt/Slavic World Free/Texture/Flower_Grass.png using Guid(75c5fa47d1f3b3e4592a12a4158ed2d6) Importer(815301076,1909f56bfc062723c751e8b465ee728b)  -> (artifact id: '68c1941f67816a8ab8ba77d147f52932') in 0.192578 seconds 
========================================================================
Received Import Request.
  Time since last request: 0.000025 seconds.
  path: Assets/EmaceArt/Slavic World Free/Texture/Flower_Grass_NM.png
  artifactKey: Guid(440be66d71848fe4fa7bbdb16f1f056e) Importer(815301076,1909f56bfc062723c751e8b465ee728b)
Start importing Assets/EmaceArt/Slavic World Free/Texture/Flower_Grass_NM.png using Guid(440be66d71848fe4fa7bbdb16f1f056e) Importer(815301076,1909f56bfc062723c751e8b465ee728b)  -> (artifact id: 'c426b852a2e1e76e6bd7d2f3b9cef26e') in 0.034808 seconds 
========================================================================
Received Import Request.
  Time since last request: 0.000027 seconds.
  path: Assets/EmaceArt/Slavic World Free/Texture/Grass_Texture.png
  artifactKey: Guid(e47c990053cf6eb49b67c793b3f47f80) Importer(815301076,1909f56bfc062723c751e8b465ee728b)
Start importing Assets/EmaceArt/Slavic World Free/Texture/Grass_Texture.png using Guid(e47c990053cf6eb49b67c793b3f47f80) Importer(815301076,1909f56bfc062723c751e8b465ee728b)  -> (artifact id: 'e9d21b348e704424bcd5762f5a4c21c2') in 0.026677 seconds 
========================================================================
Received Import Request.
  Time since last request: 0.223772 seconds.
  path: Assets/EmaceArt/Slavic World Free/Terrain/SlavicaTerrainDemo.mat
  artifactKey: Guid(3cfffe3571edb72408130af112d67edb) Importer(815301076,1909f56bfc062723c751e8b465ee728b)
Start importing Assets/EmaceArt/Slavic World Free/Terrain/SlavicaTerrainDemo.mat using Guid(3cfffe3571edb72408130af112d67edb) Importer(815301076,1909f56bfc062723c751e8b465ee728b)  -> (artifact id: 'ad5e93b765627f1b30599f396bd603e5') in 0.111844 seconds 
Editor requested this worker to shutdown with reason: Scaling down because of idle timeout
AssetImportWorkerClient::OnTransportError - code=2 error=End of file
AssetImportWorker is now disconnected from the server
Process exiting
Exiting without the bug reporter. Application will terminate with return code 0