Using pre-set license
Built from '2021.3/staging' branch; Version is '2021.3.11f1 (0a5ca18544bf) revision 679073'; Using compiler version '192829333'; Build Type 'Release'
OS: 'Windows 11  (10.0.22000) 64bit Core' Language: 'es' Physical Memory: 16235 MB
BatchMode: 1, IsHumanControllingUs: 0, StartBugReporterOnCrash: 0, Is64bit: 1, IsPro: 1

COMMAND LINE ARGUMENTS:
D:\UNITY HUB\2021.3.11f1\Editor\Unity.exe
-adb2
-batchMode
-noUpm
-name
AssetImportWorker0
-projectPath
C:/Users/G531/Desktop/Project-Alpha-Art/MapaMedievo
-logFile
Logs/AssetImportWorker0.log
-srvPort
49208
Successfully changed project path to: C:/Users/G531/Desktop/Project-Alpha-Art/MapaMedievo
C:/Users/G531/Desktop/Project-Alpha-Art/MapaMedievo
[UnityMemory] Configuration Parameters - Can be set up in boot.config
    "memorysetup-bucket-allocator-granularity=16"
    "memorysetup-bucket-allocator-bucket-count=8"
    "memorysetup-bucket-allocator-block-size=33554432"
    "memorysetup-bucket-allocator-block-count=8"
    "memorysetup-main-allocator-block-size=16777216"
    "memorysetup-thread-allocator-block-size=16777216"
    "memorysetup-gfx-main-allocator-block-size=16777216"
    "memorysetup-gfx-thread-allocator-block-size=16777216"
    "memorysetup-cache-allocator-block-size=4194304"
    "memorysetup-typetree-allocator-block-size=2097152"
    "memorysetup-profiler-bucket-allocator-granularity=16"
    "memorysetup-profiler-bucket-allocator-bucket-count=8"
    "memorysetup-profiler-bucket-allocator-block-size=33554432"
    "memorysetup-profiler-bucket-allocator-block-count=8"
    "memorysetup-profiler-allocator-block-size=16777216"
    "memorysetup-profiler-editor-allocator-block-size=1048576"
    "memorysetup-temp-allocator-size-main=16777216"
    "memorysetup-job-temp-allocator-block-size=2097152"
    "memorysetup-job-temp-allocator-block-size-background=1048576"
    "memorysetup-job-temp-allocator-reduction-small-platforms=262144"
    "memorysetup-temp-allocator-size-background-worker=32768"
    "memorysetup-temp-allocator-size-job-worker=262144"
    "memorysetup-temp-allocator-size-preload-manager=33554432"
    "memorysetup-temp-allocator-size-nav-mesh-worker=65536"
    "memorysetup-temp-allocator-size-audio-worker=65536"
    "memorysetup-temp-allocator-size-cloud-worker=32768"
    "memorysetup-temp-allocator-size-gi-baking-worker=262144"
    "memorysetup-temp-allocator-size-gfx=262144"
Refreshing native plugins compatible for Editor in 132.89 ms, found 3 plugins.
Preloading 0 native plugins for Editor in 0.00 ms.
Initialize engine version: 2021.3.11f1 (0a5ca18544bf)
[Subsystems] Discovering subsystems at path D:/UNITY HUB/2021.3.11f1/Editor/Data/Resources/UnitySubsystems
[Subsystems] Discovering subsystems at path C:/Users/G531/Desktop/Project-Alpha-Art/MapaMedievo/Assets
GfxDevice: creating device client; threaded=0; jobified=0
Direct3D:
    Version:  Direct3D 11.0 [level 11.1]
    Renderer: NVIDIA GeForce GTX 1650 (ID=0x1f91)
    Vendor:   NVIDIA
    VRAM:     3949 MB
    Driver:   31.0.15.2686
Initialize mono
Mono path[0] = 'D:/UNITY HUB/2021.3.11f1/Editor/Data/Managed'
Mono path[1] = 'D:/UNITY HUB/2021.3.11f1/Editor/Data/MonoBleedingEdge/lib/mono/unityjit-win32'
Mono config path = 'D:/UNITY HUB/2021.3.11f1/Editor/Data/MonoBleedingEdge/etc'
Using monoOptions --debugger-agent=transport=dt_socket,embedding=1,server=y,suspend=n,address=127.0.0.1:56172
Begin MonoManager ReloadAssembly
Registering precompiled unity dll's ...
Register platform support module: D:/UNITY HUB/2021.3.11f1/Editor/Data/PlaybackEngines/WebGLSupport/UnityEditor.WebGL.Extensions.dll
Register platform support module: D:/UNITY HUB/2021.3.11f1/Editor/Data/PlaybackEngines/WindowsStandaloneSupport/UnityEditor.WindowsStandalone.Extensions.dll
Registered in 0.019661 seconds.
Native extension for WindowsStandalone target not found
Native extension for WebGL target not found
Refreshing native plugins compatible for Editor in 140.65 ms, found 3 plugins.
Preloading 0 native plugins for Editor in 0.00 ms.
Mono: successfully reloaded assembly
- Completed reload, in  1.288 seconds
Domain Reload Profiling:
	ReloadAssembly (1288ms)
		BeginReloadAssembly (174ms)
			ExecutionOrderSort (0ms)
			DisableScriptedObjects (0ms)
			BackupInstance (0ms)
			ReleaseScriptingObjects (0ms)
			CreateAndSetChildDomain (1ms)
		EndReloadAssembly (888ms)
			LoadAssemblies (166ms)
			RebuildTransferFunctionScriptingTraits (0ms)
			SetupTypeCache (241ms)
			ReleaseScriptCaches (0ms)
			RebuildScriptCaches (58ms)
			SetupLoadedEditorAssemblies (472ms)
				LogAssemblyErrors (0ms)
				InitializePlatformSupportModulesInManaged (19ms)
				SetLoadedEditorAssemblies (0ms)
				RefreshPlugins (141ms)
				BeforeProcessingInitializeOnLoad (3ms)
				ProcessInitializeOnLoadAttributes (230ms)
				ProcessInitializeOnLoadMethodAttributes (79ms)
				AfterProcessingInitializeOnLoad (0ms)
				EditorAssembliesLoaded (0ms)
			ExecutionOrderSort2 (0ms)
			AwakeInstancesAfterBackupRestoration (0ms)
Platform modules already initialized, skipping
Registering precompiled user dll's ...
Registered in 0.008910 seconds.
Begin MonoManager ReloadAssembly
Symbol file LoadedFromMemory doesn't match image C:\Users\G531\Desktop\Project-Alpha-Art\MapaMedievo\Library\PackageCache\com.unity.visualscripting@1.7.8\Editor\VisualScripting.Core\Dependencies\YamlDotNet\Unity.VisualScripting.YamlDotNet.dll
Symbol file LoadedFromMemory doesn't match image C:\Users\G531\Desktop\Project-Alpha-Art\MapaMedievo\Library\PackageCache\com.unity.visualscripting@1.7.8\Editor\VisualScripting.Core\Dependencies\DotNetZip\Unity.VisualScripting.IonicZip.dll
Native extension for WindowsStandalone target not found
Native extension for WebGL target not found
Refreshing native plugins compatible for Editor in 0.72 ms, found 3 plugins.
Preloading 0 native plugins for Editor in 0.00 ms.
Mono: successfully reloaded assembly
- Completed reload, in  1.682 seconds
Domain Reload Profiling:
	ReloadAssembly (1685ms)
		BeginReloadAssembly (263ms)
			ExecutionOrderSort (0ms)
			DisableScriptedObjects (11ms)
			BackupInstance (0ms)
			ReleaseScriptingObjects (0ms)
			CreateAndSetChildDomain (44ms)
		EndReloadAssembly (1257ms)
			LoadAssemblies (187ms)
			RebuildTransferFunctionScriptingTraits (0ms)
			SetupTypeCache (357ms)
			ReleaseScriptCaches (1ms)
			RebuildScriptCaches (80ms)
			SetupLoadedEditorAssemblies (628ms)
				LogAssemblyErrors (0ms)
				InitializePlatformSupportModulesInManaged (14ms)
				SetLoadedEditorAssemblies (1ms)
				RefreshPlugins (1ms)
				BeforeProcessingInitializeOnLoad (125ms)
				ProcessInitializeOnLoadAttributes (435ms)
				ProcessInitializeOnLoadMethodAttributes (37ms)
				AfterProcessingInitializeOnLoad (17ms)
				EditorAssembliesLoaded (0ms)
			ExecutionOrderSort2 (0ms)
			AwakeInstancesAfterBackupRestoration (11ms)
Platform modules already initialized, skipping
========================================================================
Worker process is ready to serve import requests
Launched and connected shader compiler UnityShaderCompiler.exe after 0.07 seconds
Refreshing native plugins compatible for Editor in 0.68 ms, found 3 plugins.
Preloading 0 native plugins for Editor in 0.00 ms.
Unloading 3383 Unused Serialized files (Serialized files now loaded: 0)
Unloading 28 unused Assets / (113.5 KB). Loaded Objects now: 3840.
Memory consumption went from 120.2 MB to 120.0 MB.
Total: 3.156900 ms (FindLiveObjects: 0.302800 ms CreateObjectMapping: 0.203100 ms MarkObjects: 2.524700 ms  DeleteObjects: 0.125600 ms)

AssetImportParameters requested are different than current active one (requested -> active):
  custom:video-decoder-ogg-theora: a1e56fd34408186e4bbccfd4996cb3dc -> 
  custom:container-muxer-webm: aa71ff27fc2769a1b78a27578f13a17b -> 
  custom:container-demuxer-webm: 4f35f7cbe854078d1ac9338744f61a02 -> 
  custom:video-encoder-webm-vp8: eb34c28f22e8b96e1ab97ce403110664 -> 
  custom:video-codec-MediaFoundation-h265: 746d11721c4dcdbdad8f713fa42b33f4 -> 
  custom:audio-encoder-webm-vorbis: bf7c407c2cedff20999df2af8eb42d56 -> 
  custom:framework-win-MediaFoundation: 216162199b28c13a410421893ffa2e32 -> 
  custom:container-demuxer-ogg: 62fdf1f143b41e24485cea50d1cbac27 -> 
  custom:video-decoder-webm-vp8: 9c59270c3fd7afecdb556c50c9e8de78 -> 
  custom:audio-decoder-ogg-vorbis: bf7c407c2cedff20999df2af8eb42d56 -> 
========================================================================
Received Import Request.
  Time since last request: 306608.695941 seconds.
  path: Assets/MaterialsMedieval/Material 3.mat
  artifactKey: Guid(6bfd6930b90588a4cb2cb5b4ba3f72bb) Importer(815301076,1909f56bfc062723c751e8b465ee728b)
Start importing Assets/MaterialsMedieval/Material 3.mat using Guid(6bfd6930b90588a4cb2cb5b4ba3f72bb) Importer(815301076,1909f56bfc062723c751e8b465ee728b)  -> (artifact id: '880ba6d5f6cb2116f49028351fafa729') in 0.161115 seconds 
========================================================================
Received Import Request.
  Time since last request: 199.246061 seconds.
  path: Assets/EmaceArt/Slavic World Free/Prefabs/Prop/Forester/EA03_Prop_Forester_wooden_01d_PRE.prefab
  artifactKey: Guid(2ea82b8d023a82e458953ea8d1fba2b1) Importer(815301076,1909f56bfc062723c751e8b465ee728b)
Start importing Assets/EmaceArt/Slavic World Free/Prefabs/Prop/Forester/EA03_Prop_Forester_wooden_01d_PRE.prefab using Guid(2ea82b8d023a82e458953ea8d1fba2b1) Importer(815301076,1909f56bfc062723c751e8b465ee728b)  -> (artifact id: '4542c7e1e5ce1a179c9cf624efc17a35') in 0.054235 seconds 
========================================================================
Received Import Request.
  Time since last request: 0.000022 seconds.
  path: Assets/EmaceArt/Slavic World Free/Prefabs/Prop/Furniture/EA03_Prop_Shelf_01b_PRE.prefab
  artifactKey: Guid(d6c1c92987a689841b6f454c28e98ca8) Importer(815301076,1909f56bfc062723c751e8b465ee728b)
Start importing Assets/EmaceArt/Slavic World Free/Prefabs/Prop/Furniture/EA03_Prop_Shelf_01b_PRE.prefab using Guid(d6c1c92987a689841b6f454c28e98ca8) Importer(815301076,1909f56bfc062723c751e8b465ee728b)  -> (artifact id: '3639bc953e08e5033f39c9302aad0d60') in 0.033018 seconds 
========================================================================
Received Import Request.
  Time since last request: 0.000025 seconds.
  path: Assets/EmaceArt/Slavic World Free/Prefabs/Environment/Bridge/EA03_Prop_Pier_04c_PRE.prefab
  artifactKey: Guid(23ee18916fce79947a0499084b2db70a) Importer(815301076,1909f56bfc062723c751e8b465ee728b)
Start importing Assets/EmaceArt/Slavic World Free/Prefabs/Environment/Bridge/EA03_Prop_Pier_04c_PRE.prefab using Guid(23ee18916fce79947a0499084b2db70a) Importer(815301076,1909f56bfc062723c751e8b465ee728b)  -> (artifact id: 'ad61886d4704aefd4e7c0d8e00fa1162') in 0.027107 seconds 
========================================================================
Received Import Request.
  Time since last request: 0.000025 seconds.
  path: Assets/EmaceArt/Slavic World Free/Prefabs/Prop/Furniture/EA03_Prop_Stool_02a_PRE.prefab
  artifactKey: Guid(735b2aa9d4617d84986ed8f20691ced9) Importer(815301076,1909f56bfc062723c751e8b465ee728b)
Start importing Assets/EmaceArt/Slavic World Free/Prefabs/Prop/Furniture/EA03_Prop_Stool_02a_PRE.prefab using Guid(735b2aa9d4617d84986ed8f20691ced9) Importer(815301076,1909f56bfc062723c751e8b465ee728b)  -> (artifact id: '8a6602db1dedd9e5a31760fced4baaf8') in 0.024996 seconds 
========================================================================
Received Import Request.
  Time since last request: 0.000063 seconds.
  path: Assets/EmaceArt/Slavic World Free/Prefabs/Environment/Bridge/EA03_Prop_Pier_03d_PRE.prefab
  artifactKey: Guid(8d0bec0dc9ff9204bb3391cc6cb2c885) Importer(815301076,1909f56bfc062723c751e8b465ee728b)
Start importing Assets/EmaceArt/Slavic World Free/Prefabs/Environment/Bridge/EA03_Prop_Pier_03d_PRE.prefab using Guid(8d0bec0dc9ff9204bb3391cc6cb2c885) Importer(815301076,1909f56bfc062723c751e8b465ee728b)  -> (artifact id: 'ed26299792c2e8b4ebe2f833276933ac') in 0.025269 seconds 
========================================================================
Received Import Request.
  Time since last request: 0.000060 seconds.
  path: Assets/EmaceArt/Slavic World Free/Prefabs/Prop/Furniture/EA03_Prop_Stool_01a_PRE.prefab
  artifactKey: Guid(5cfd4a6b2ea91344f94e74b885be6ca4) Importer(815301076,1909f56bfc062723c751e8b465ee728b)
Start importing Assets/EmaceArt/Slavic World Free/Prefabs/Prop/Furniture/EA03_Prop_Stool_01a_PRE.prefab using Guid(5cfd4a6b2ea91344f94e74b885be6ca4) Importer(815301076,1909f56bfc062723c751e8b465ee728b)  -> (artifact id: '6c3a3db4c3346c7f574c8fc13640aebc') in 0.034384 seconds 
========================================================================
Received Import Request.
  Time since last request: 0.000150 seconds.
  path: Assets/EmaceArt/Slavic World Free/Prefabs/Village/Elements/EA03_Prop_House_Shutter_01a_PRE.prefab
  artifactKey: Guid(174d295663532054f8354894503c8b31) Importer(815301076,1909f56bfc062723c751e8b465ee728b)
Start importing Assets/EmaceArt/Slavic World Free/Prefabs/Village/Elements/EA03_Prop_House_Shutter_01a_PRE.prefab using Guid(174d295663532054f8354894503c8b31) Importer(815301076,1909f56bfc062723c751e8b465ee728b)  -> (artifact id: '71e7f2f25cd8de751f08e89ee638fa2c') in 0.030532 seconds 
========================================================================
Received Import Request.
  Time since last request: 0.000029 seconds.
  path: Assets/EmaceArt/Slavic World Free/Prefabs/Prop/Village/EA03_Prop_House_Stove_01b_PRE.prefab
  artifactKey: Guid(fc43b88d7c139fc4a87fee88ffeaf445) Importer(815301076,1909f56bfc062723c751e8b465ee728b)
Start importing Assets/EmaceArt/Slavic World Free/Prefabs/Prop/Village/EA03_Prop_House_Stove_01b_PRE.prefab using Guid(fc43b88d7c139fc4a87fee88ffeaf445) Importer(815301076,1909f56bfc062723c751e8b465ee728b)  -> (artifact id: 'a3dd715d42e8b6d6e443adbb12197a12') in 0.031994 seconds 
========================================================================
Received Import Request.
  Time since last request: 0.000334 seconds.
  path: Assets/EmaceArt/Slavic World Free/Prefabs/Prop/Furniture/EA03_Prop_Pillow_01d_PRE.prefab
  artifactKey: Guid(278cda1697713d24c8d34e66d9125358) Importer(815301076,1909f56bfc062723c751e8b465ee728b)
Start importing Assets/EmaceArt/Slavic World Free/Prefabs/Prop/Furniture/EA03_Prop_Pillow_01d_PRE.prefab using Guid(278cda1697713d24c8d34e66d9125358) Importer(815301076,1909f56bfc062723c751e8b465ee728b)  -> (artifact id: '198f04b3fd70aab106816b9590ffd75f') in 0.030199 seconds 
========================================================================
Received Import Request.
  Time since last request: 0.000023 seconds.
  path: Assets/EmaceArt/Slavic World Free/Prefabs/Prop/Furniture/EA03_Prop_Tabble_02a_PRE.prefab
  artifactKey: Guid(e889566dd5141c5438079fd5556671ec) Importer(815301076,1909f56bfc062723c751e8b465ee728b)
Start importing Assets/EmaceArt/Slavic World Free/Prefabs/Prop/Furniture/EA03_Prop_Tabble_02a_PRE.prefab using Guid(e889566dd5141c5438079fd5556671ec) Importer(815301076,1909f56bfc062723c751e8b465ee728b)  -> (artifact id: '027cd1c9ab210e123fc4380a206853c6') in 0.030457 seconds 
========================================================================
Received Import Request.
  Time since last request: 0.000029 seconds.
  path: Assets/EmaceArt/Slavic World Free/Prefabs/Prop/Furniture/EA03_Prop_House_Shelf_02c_PRE.prefab
  artifactKey: Guid(ce2c1d39250162c4490bf7b7004d8b7c) Importer(815301076,1909f56bfc062723c751e8b465ee728b)
Start importing Assets/EmaceArt/Slavic World Free/Prefabs/Prop/Furniture/EA03_Prop_House_Shelf_02c_PRE.prefab using Guid(ce2c1d39250162c4490bf7b7004d8b7c) Importer(815301076,1909f56bfc062723c751e8b465ee728b)  -> (artifact id: '66d08a55d4d856446225bcbde85e9602') in 0.034450 seconds 
========================================================================
Received Import Request.
  Time since last request: 0.000041 seconds.
  path: Assets/EmaceArt/Slavic World Free/Prefabs/Village/Elements/EA03_Prop_House_Shutter_01e_PRE.prefab
  artifactKey: Guid(1476b9a23d1668b4b8a13d9478600734) Importer(815301076,1909f56bfc062723c751e8b465ee728b)
Start importing Assets/EmaceArt/Slavic World Free/Prefabs/Village/Elements/EA03_Prop_House_Shutter_01e_PRE.prefab using Guid(1476b9a23d1668b4b8a13d9478600734) Importer(815301076,1909f56bfc062723c751e8b465ee728b)  -> (artifact id: 'b5992f0eee80316beaa5e0d98fcbb5f1') in 0.050481 seconds 
Editor requested this worker to shutdown with reason: Scaling down because of idle timeout
AssetImportWorker is now disconnected from the server
Process exiting
Exiting without the bug reporter. Application will terminate with return code 0