Using pre-set license
Built from '2021.3/staging' branch; Version is '2021.3.11f1 (0a5ca18544bf) revision 679073'; Using compiler version '192829333'; Build Type 'Release'
OS: 'Windows 11  (10.0.22000) 64bit Core' Language: 'es' Physical Memory: 16235 MB
BatchMode: 1, IsHumanControllingUs: 0, StartBugReporterOnCrash: 0, Is64bit: 1, IsPro: 1

COMMAND LINE ARGUMENTS:
D:\UNITY HUB\2021.3.11f1\Editor\Unity.exe
-adb2
-batchMode
-noUpm
-name
AssetImportWorker4
-projectPath
C:/Users/G531/Desktop/MapaMedievo
-logFile
Logs/AssetImportWorker4.log
-srvPort
52525
Successfully changed project path to: C:/Users/G531/Desktop/MapaMedievo
C:/Users/G531/Desktop/MapaMedievo
[UnityMemory] Configuration Parameters - Can be set up in boot.config
    "memorysetup-bucket-allocator-granularity=16"
    "memorysetup-bucket-allocator-bucket-count=8"
    "memorysetup-bucket-allocator-block-size=33554432"
    "memorysetup-bucket-allocator-block-count=8"
    "memorysetup-main-allocator-block-size=16777216"
    "memorysetup-thread-allocator-block-size=16777216"
    "memorysetup-gfx-main-allocator-block-size=16777216"
    "memorysetup-gfx-thread-allocator-block-size=16777216"
    "memorysetup-cache-allocator-block-size=4194304"
    "memorysetup-typetree-allocator-block-size=2097152"
    "memorysetup-profiler-bucket-allocator-granularity=16"
    "memorysetup-profiler-bucket-allocator-bucket-count=8"
    "memorysetup-profiler-bucket-allocator-block-size=33554432"
    "memorysetup-profiler-bucket-allocator-block-count=8"
    "memorysetup-profiler-allocator-block-size=16777216"
    "memorysetup-profiler-editor-allocator-block-size=1048576"
    "memorysetup-temp-allocator-size-main=16777216"
    "memorysetup-job-temp-allocator-block-size=2097152"
    "memorysetup-job-temp-allocator-block-size-background=1048576"
    "memorysetup-job-temp-allocator-reduction-small-platforms=262144"
    "memorysetup-temp-allocator-size-background-worker=32768"
    "memorysetup-temp-allocator-size-job-worker=262144"
    "memorysetup-temp-allocator-size-preload-manager=33554432"
    "memorysetup-temp-allocator-size-nav-mesh-worker=65536"
    "memorysetup-temp-allocator-size-audio-worker=65536"
    "memorysetup-temp-allocator-size-cloud-worker=32768"
    "memorysetup-temp-allocator-size-gi-baking-worker=262144"
    "memorysetup-temp-allocator-size-gfx=262144"
Refreshing native plugins compatible for Editor in 105.74 ms, found 3 plugins.
Preloading 0 native plugins for Editor in 0.00 ms.
Initialize engine version: 2021.3.11f1 (0a5ca18544bf)
[Subsystems] Discovering subsystems at path D:/UNITY HUB/2021.3.11f1/Editor/Data/Resources/UnitySubsystems
[Subsystems] Discovering subsystems at path C:/Users/G531/Desktop/MapaMedievo/Assets
GfxDevice: creating device client; threaded=0; jobified=0
Direct3D:
    Version:  Direct3D 11.0 [level 11.1]
    Renderer: NVIDIA GeForce GTX 1650 (ID=0x1f91)
    Vendor:   NVIDIA
    VRAM:     3949 MB
    Driver:   31.0.15.2686
Initialize mono
Mono path[0] = 'D:/UNITY HUB/2021.3.11f1/Editor/Data/Managed'
Mono path[1] = 'D:/UNITY HUB/2021.3.11f1/Editor/Data/MonoBleedingEdge/lib/mono/unityjit-win32'
Mono config path = 'D:/UNITY HUB/2021.3.11f1/Editor/Data/MonoBleedingEdge/etc'
Using monoOptions --debugger-agent=transport=dt_socket,embedding=1,server=y,suspend=n,address=127.0.0.1:56728
Begin MonoManager ReloadAssembly
Registering precompiled unity dll's ...
Register platform support module: D:/UNITY HUB/2021.3.11f1/Editor/Data/PlaybackEngines/WebGLSupport/UnityEditor.WebGL.Extensions.dll
Register platform support module: D:/UNITY HUB/2021.3.11f1/Editor/Data/PlaybackEngines/WindowsStandaloneSupport/UnityEditor.WindowsStandalone.Extensions.dll
Registered in 0.012526 seconds.
Native extension for WindowsStandalone target not found
Native extension for WebGL target not found
Refreshing native plugins compatible for Editor in 82.77 ms, found 3 plugins.
Preloading 0 native plugins for Editor in 0.00 ms.
Mono: successfully reloaded assembly
- Completed reload, in  0.739 seconds
Domain Reload Profiling:
	ReloadAssembly (740ms)
		BeginReloadAssembly (115ms)
			ExecutionOrderSort (0ms)
			DisableScriptedObjects (0ms)
			BackupInstance (0ms)
			ReleaseScriptingObjects (0ms)
			CreateAndSetChildDomain (1ms)
		EndReloadAssembly (496ms)
			LoadAssemblies (110ms)
			RebuildTransferFunctionScriptingTraits (0ms)
			SetupTypeCache (106ms)
			ReleaseScriptCaches (0ms)
			RebuildScriptCaches (31ms)
			SetupLoadedEditorAssemblies (293ms)
				LogAssemblyErrors (0ms)
				InitializePlatformSupportModulesInManaged (11ms)
				SetLoadedEditorAssemblies (0ms)
				RefreshPlugins (83ms)
				BeforeProcessingInitializeOnLoad (1ms)
				ProcessInitializeOnLoadAttributes (149ms)
				ProcessInitializeOnLoadMethodAttributes (48ms)
				AfterProcessingInitializeOnLoad (0ms)
				EditorAssembliesLoaded (0ms)
			ExecutionOrderSort2 (0ms)
			AwakeInstancesAfterBackupRestoration (0ms)
Platform modules already initialized, skipping
Registering precompiled user dll's ...
Registered in 0.005561 seconds.
Begin MonoManager ReloadAssembly
Symbol file LoadedFromMemory doesn't match image C:\Users\G531\Desktop\MapaMedievo\Library\PackageCache\com.unity.visualscripting@1.7.8\Editor\VisualScripting.Core\Dependencies\YamlDotNet\Unity.VisualScripting.YamlDotNet.dll
Symbol file LoadedFromMemory doesn't match image C:\Users\G531\Desktop\MapaMedievo\Library\PackageCache\com.unity.visualscripting@1.7.8\Editor\VisualScripting.Core\Dependencies\DotNetZip\Unity.VisualScripting.IonicZip.dll
Native extension for WindowsStandalone target not found
Native extension for WebGL target not found
Refreshing native plugins compatible for Editor in 0.59 ms, found 3 plugins.
Preloading 0 native plugins for Editor in 0.00 ms.
Mono: successfully reloaded assembly
- Completed reload, in  1.157 seconds
Domain Reload Profiling:
	ReloadAssembly (1158ms)
		BeginReloadAssembly (138ms)
			ExecutionOrderSort (0ms)
			DisableScriptedObjects (7ms)
			BackupInstance (0ms)
			ReleaseScriptingObjects (0ms)
			CreateAndSetChildDomain (19ms)
		EndReloadAssembly (896ms)
			LoadAssemblies (118ms)
			RebuildTransferFunctionScriptingTraits (0ms)
			SetupTypeCache (282ms)
			ReleaseScriptCaches (1ms)
			RebuildScriptCaches (51ms)
			SetupLoadedEditorAssemblies (420ms)
				LogAssemblyErrors (0ms)
				InitializePlatformSupportModulesInManaged (9ms)
				SetLoadedEditorAssemblies (0ms)
				RefreshPlugins (1ms)
				BeforeProcessingInitializeOnLoad (99ms)
				ProcessInitializeOnLoadAttributes (266ms)
				ProcessInitializeOnLoadMethodAttributes (29ms)
				AfterProcessingInitializeOnLoad (16ms)
				EditorAssembliesLoaded (0ms)
			ExecutionOrderSort2 (0ms)
			AwakeInstancesAfterBackupRestoration (8ms)
Platform modules already initialized, skipping
========================================================================
Worker process is ready to serve import requests
Launched and connected shader compiler UnityShaderCompiler.exe after 0.04 seconds
Refreshing native plugins compatible for Editor in 0.57 ms, found 3 plugins.
Preloading 0 native plugins for Editor in 0.00 ms.
Unloading 3382 Unused Serialized files (Serialized files now loaded: 0)
Unloading 27 unused Assets / (114.0 KB). Loaded Objects now: 3840.
Memory consumption went from 120.1 MB to 120.0 MB.
Total: 3.393800 ms (FindLiveObjects: 0.268500 ms CreateObjectMapping: 0.184500 ms MarkObjects: 2.841800 ms  DeleteObjects: 0.098100 ms)

AssetImportParameters requested are different than current active one (requested -> active):
  custom:video-decoder-ogg-theora: a1e56fd34408186e4bbccfd4996cb3dc -> 
  custom:container-muxer-webm: aa71ff27fc2769a1b78a27578f13a17b -> 
  custom:container-demuxer-webm: 4f35f7cbe854078d1ac9338744f61a02 -> 
  custom:video-encoder-webm-vp8: eb34c28f22e8b96e1ab97ce403110664 -> 
  custom:video-codec-MediaFoundation-h265: 746d11721c4dcdbdad8f713fa42b33f4 -> 
  custom:audio-encoder-webm-vorbis: bf7c407c2cedff20999df2af8eb42d56 -> 
  custom:framework-win-MediaFoundation: 216162199b28c13a410421893ffa2e32 -> 
  custom:container-demuxer-ogg: 62fdf1f143b41e24485cea50d1cbac27 -> 
  custom:video-decoder-webm-vp8: 9c59270c3fd7afecdb556c50c9e8de78 -> 
  custom:audio-decoder-ogg-vorbis: bf7c407c2cedff20999df2af8eb42d56 -> 
========================================================================
Received Import Request.
  Time since last request: 227439.913822 seconds.
  path: Assets/MaterialsMedieval/Dirt.mat
  artifactKey: Guid(07f335b871da58047935c525e016510d) Importer(815301076,1909f56bfc062723c751e8b465ee728b)
Start importing Assets/MaterialsMedieval/Dirt.mat using Guid(07f335b871da58047935c525e016510d) Importer(815301076,1909f56bfc062723c751e8b465ee728b)  -> (artifact id: '412d7980f82b4b0a2ab8ae445bccbc77') in 0.133511 seconds 
========================================================================
Received Import Request.
  Time since last request: 22.722655 seconds.
  path: Assets/EmaceArt/Slavic World Free/Skybox/Epic_BigCloudsSoft_V2/EA03_LowPolyBigClouds.mat
  artifactKey: Guid(5d0ef7cbda2ac05459b326d9ebbcc118) Importer(815301076,1909f56bfc062723c751e8b465ee728b)
Start importing Assets/EmaceArt/Slavic World Free/Skybox/Epic_BigCloudsSoft_V2/EA03_LowPolyBigClouds.mat using Guid(5d0ef7cbda2ac05459b326d9ebbcc118) Importer(815301076,1909f56bfc062723c751e8b465ee728b)  -> (artifact id: '3386b4a311cf416bf56c179cd8c66b5d') in 0.314355 seconds 
========================================================================
Received Import Request.
  Time since last request: 211.624206 seconds.
  path: Assets/EmaceArt/Slavic World Free/Material/Mud.mat
  artifactKey: Guid(472527642e708b7428e4fd81d706d082) Importer(815301076,1909f56bfc062723c751e8b465ee728b)
Start importing Assets/EmaceArt/Slavic World Free/Material/Mud.mat using Guid(472527642e708b7428e4fd81d706d082) Importer(815301076,1909f56bfc062723c751e8b465ee728b)  -> (artifact id: 'bc704c99815a9448264a9fed90e84a80') in 0.018161 seconds 
========================================================================
Received Import Request.
  Time since last request: 18.255804 seconds.
  path: Assets/EmaceArt/Slavic World Free/Prefabs/Environment/EA03_Environment_Road_Cobble_Staris_01b_PRE.prefab
  artifactKey: Guid(911baa52170780442a318441d874e58a) Importer(815301076,1909f56bfc062723c751e8b465ee728b)
Start importing Assets/EmaceArt/Slavic World Free/Prefabs/Environment/EA03_Environment_Road_Cobble_Staris_01b_PRE.prefab using Guid(911baa52170780442a318441d874e58a) Importer(815301076,1909f56bfc062723c751e8b465ee728b)  -> (artifact id: 'e1888829189b6054b63f3050376c2b58') in 0.031567 seconds 
========================================================================
Received Import Request.
  Time since last request: 17.693426 seconds.
  path: Assets/EmaceArt/Slavic World Free/Prefabs/Environment/Moss/EA03_Environment_Moss_01_PRE.prefab
  artifactKey: Guid(b83a0d2a5484d404fab50f0563a57c1c) Importer(815301076,1909f56bfc062723c751e8b465ee728b)
Start importing Assets/EmaceArt/Slavic World Free/Prefabs/Environment/Moss/EA03_Environment_Moss_01_PRE.prefab using Guid(b83a0d2a5484d404fab50f0563a57c1c) Importer(815301076,1909f56bfc062723c751e8b465ee728b)  -> (artifact id: 'b3c59a9f052fb58e7d0eabb419734dbc') in 0.013867 seconds 
========================================================================
Received Import Request.
  Time since last request: 8.860811 seconds.
  path: Assets/EmaceArt/Slavic World Free/Prefabs/Environment/Mud/EA03_Env_Mud_Flat_01b_PRE.prefab
  artifactKey: Guid(60bc7fab77d4d6d4e957a7a12aaed53b) Importer(815301076,1909f56bfc062723c751e8b465ee728b)
Start importing Assets/EmaceArt/Slavic World Free/Prefabs/Environment/Mud/EA03_Env_Mud_Flat_01b_PRE.prefab using Guid(60bc7fab77d4d6d4e957a7a12aaed53b) Importer(815301076,1909f56bfc062723c751e8b465ee728b)  -> (artifact id: 'd86715220b997ed3528731b3eb993c59') in 0.021410 seconds 
========================================================================
Received Import Request.
  Time since last request: 0.000035 seconds.
  path: Assets/EmaceArt/Slavic World Free/Prefabs/Environment/Mud/EA03_Environment_Mud_04b_PRE.prefab
  artifactKey: Guid(14fb43d7858383d43b98890b678a7cb7) Importer(815301076,1909f56bfc062723c751e8b465ee728b)
Start importing Assets/EmaceArt/Slavic World Free/Prefabs/Environment/Mud/EA03_Environment_Mud_04b_PRE.prefab using Guid(14fb43d7858383d43b98890b678a7cb7) Importer(815301076,1909f56bfc062723c751e8b465ee728b)  -> (artifact id: 'b16044467977f42ff1d66af72bf56c37') in 0.021049 seconds 
========================================================================
Received Import Request.
  Time since last request: 0.491818 seconds.
  path: Assets/EmaceArt/Slavic World Free/Prefabs/Environment/Road/EA03_Env_Road_Wooden_01d_PRE.prefab
  artifactKey: Guid(307de292f7c96584e9b058b2912b8fad) Importer(815301076,1909f56bfc062723c751e8b465ee728b)
Start importing Assets/EmaceArt/Slavic World Free/Prefabs/Environment/Road/EA03_Env_Road_Wooden_01d_PRE.prefab using Guid(307de292f7c96584e9b058b2912b8fad) Importer(815301076,1909f56bfc062723c751e8b465ee728b)  -> (artifact id: 'c30e482c0fe13f3eff956b92dd8a6ff8') in 0.016431 seconds 
========================================================================
Received Import Request.
  Time since last request: 0.000021 seconds.
  path: Assets/EmaceArt/Slavic World Free/Prefabs/Environment/Road/EA03_Environment_Road_Cobble_01b_PRE.prefab
  artifactKey: Guid(8e29bd443d493f14fbfdb399f8316b38) Importer(815301076,1909f56bfc062723c751e8b465ee728b)
Start importing Assets/EmaceArt/Slavic World Free/Prefabs/Environment/Road/EA03_Environment_Road_Cobble_01b_PRE.prefab using Guid(8e29bd443d493f14fbfdb399f8316b38) Importer(815301076,1909f56bfc062723c751e8b465ee728b)  -> (artifact id: '2840256f324ac382a88a7e90a9406342') in 0.026782 seconds 
========================================================================
Received Import Request.
  Time since last request: 0.521487 seconds.
  path: Assets/EmaceArt/Slavic World Free/Prefabs/Environment/RoadIsland/EA03_Environment_RoadIsland_01_Small_PRE.prefab
  artifactKey: Guid(d087614fcde10f04d9db62e40b57aaee) Importer(815301076,1909f56bfc062723c751e8b465ee728b)
Start importing Assets/EmaceArt/Slavic World Free/Prefabs/Environment/RoadIsland/EA03_Environment_RoadIsland_01_Small_PRE.prefab using Guid(d087614fcde10f04d9db62e40b57aaee) Importer(815301076,1909f56bfc062723c751e8b465ee728b)  -> (artifact id: '25c0491f7ac6f72454bb87070031ac00') in 0.026151 seconds 
========================================================================
Received Import Request.
  Time since last request: 0.000041 seconds.
  path: Assets/EmaceArt/Slavic World Free/Prefabs/Environment/RoadIsland/EA03_Environment_RoadIsland_09_PRE.prefab
  artifactKey: Guid(985c93ec7deb84d458a6305eed38cccf) Importer(815301076,1909f56bfc062723c751e8b465ee728b)
Start importing Assets/EmaceArt/Slavic World Free/Prefabs/Environment/RoadIsland/EA03_Environment_RoadIsland_09_PRE.prefab using Guid(985c93ec7deb84d458a6305eed38cccf) Importer(815301076,1909f56bfc062723c751e8b465ee728b)  -> (artifact id: '64dc16e2149845e5ff4d3b2b31e1afc5') in 0.025583 seconds 
========================================================================
Received Import Request.
  Time since last request: 0.713870 seconds.
  path: Assets/EmaceArt/Slavic World Free/Prefabs/Environment/RoadSide/EA03_Environment_RoadSide_PRE.prefab
  artifactKey: Guid(13ea4f4a618067b4cb6379f96e9683f8) Importer(815301076,1909f56bfc062723c751e8b465ee728b)
Start importing Assets/EmaceArt/Slavic World Free/Prefabs/Environment/RoadSide/EA03_Environment_RoadSide_PRE.prefab using Guid(13ea4f4a618067b4cb6379f96e9683f8) Importer(815301076,1909f56bfc062723c751e8b465ee728b)  -> (artifact id: '03a9b25bed514d3db38cfc4846e7b971') in 0.011451 seconds 
========================================================================
Received Import Request.
  Time since last request: 1.985587 seconds.
  path: Assets/EmaceArt/Slavic World Free/Prefabs/Environment/Rock/EA03_Env_Rock_Slice_01a_PRE.prefab
  artifactKey: Guid(297f0321fef58cd40858728f36140997) Importer(815301076,1909f56bfc062723c751e8b465ee728b)
Start importing Assets/EmaceArt/Slavic World Free/Prefabs/Environment/Rock/EA03_Env_Rock_Slice_01a_PRE.prefab using Guid(297f0321fef58cd40858728f36140997) Importer(815301076,1909f56bfc062723c751e8b465ee728b)  -> (artifact id: '9d1620a7d2805f6333067c9d26268af1') in 0.016894 seconds 
========================================================================
Received Import Request.
  Time since last request: 0.000017 seconds.
  path: Assets/EmaceArt/Slavic World Free/Prefabs/Environment/Rock/EA03_Environment_Rock_CatHead_01b_PRE.prefab
  artifactKey: Guid(d4c3b8efab3e0cc4f9c5e7d47142f18c) Importer(815301076,1909f56bfc062723c751e8b465ee728b)
Start importing Assets/EmaceArt/Slavic World Free/Prefabs/Environment/Rock/EA03_Environment_Rock_CatHead_01b_PRE.prefab using Guid(d4c3b8efab3e0cc4f9c5e7d47142f18c) Importer(815301076,1909f56bfc062723c751e8b465ee728b)  -> (artifact id: '0522c96de19395019ad1a3ee4cbaff68') in 0.015664 seconds 
========================================================================
Received Import Request.
  Time since last request: 0.000034 seconds.
  path: Assets/EmaceArt/Slavic World Free/Prefabs/Environment/Rock/EA03_Environment_Rock_Mini_CatHead_01a_PRE.prefab
  artifactKey: Guid(6bf942e5f7ca6e4418d0a362191274ce) Importer(815301076,1909f56bfc062723c751e8b465ee728b)
Start importing Assets/EmaceArt/Slavic World Free/Prefabs/Environment/Rock/EA03_Environment_Rock_Mini_CatHead_01a_PRE.prefab using Guid(6bf942e5f7ca6e4418d0a362191274ce) Importer(815301076,1909f56bfc062723c751e8b465ee728b)  -> (artifact id: 'd358a21173736482d441b3e41dfe0e5f') in 0.022860 seconds 
========================================================================
Received Import Request.
  Time since last request: 0.000042 seconds.
  path: Assets/EmaceArt/Slavic World Free/Prefabs/Environment/Rock/EA03_Environment_Rock_Flat_04c_PRE.prefab
  artifactKey: Guid(1d92f26bf55fcc24583880399688e793) Importer(815301076,1909f56bfc062723c751e8b465ee728b)
Start importing Assets/EmaceArt/Slavic World Free/Prefabs/Environment/Rock/EA03_Environment_Rock_Flat_04c_PRE.prefab using Guid(1d92f26bf55fcc24583880399688e793) Importer(815301076,1909f56bfc062723c751e8b465ee728b)  -> (artifact id: '95c7de6c5705a30d7f9e20aca16c7023') in 0.023832 seconds 
========================================================================
Received Import Request.
  Time since last request: 1.998891 seconds.
  path: Assets/EmaceArt/Slavic World Free/Prefabs/Environment/Sand/EA03_Env_Mud_Flat_01c_PRE.prefab
  artifactKey: Guid(f2077091652b30d4aae0e8e19dfa715a) Importer(815301076,1909f56bfc062723c751e8b465ee728b)
Start importing Assets/EmaceArt/Slavic World Free/Prefabs/Environment/Sand/EA03_Env_Mud_Flat_01c_PRE.prefab using Guid(f2077091652b30d4aae0e8e19dfa715a) Importer(815301076,1909f56bfc062723c751e8b465ee728b)  -> (artifact id: 'ed1f3719fc3a7cc90c2cd084c353674a') in 0.016570 seconds 
========================================================================
Received Import Request.
  Time since last request: 0.000035 seconds.
  path: Assets/EmaceArt/Slavic World Free/Prefabs/Environment/Sand/EA03_Environment_Sand_01b_PRE.prefab
  artifactKey: Guid(9c355eebb616ba247ad9f413462735ac) Importer(815301076,1909f56bfc062723c751e8b465ee728b)
Start importing Assets/EmaceArt/Slavic World Free/Prefabs/Environment/Sand/EA03_Environment_Sand_01b_PRE.prefab using Guid(9c355eebb616ba247ad9f413462735ac) Importer(815301076,1909f56bfc062723c751e8b465ee728b)  -> (artifact id: 'e14ba1cdbba745f2f473be8bc31ddfd5') in 0.017884 seconds 
Editor requested this worker to shutdown with reason: Scaling down because of idle timeout
AssetImportWorker is now disconnected from the server
Process exiting
Exiting without the bug reporter. Application will terminate with return code 0